#
# There is insufficient memory for the Java Runtime Environment to continue.
# Native memory allocation (malloc) failed to allocate 527760 bytes for Chunk::new
# Possible reasons:
#   The system is out of physical RAM or swap space
#   The process is running with CompressedOops enabled, and the Java Heap may be blocking the growth of the native heap
# Possible solutions:
#   Reduce memory load on the system
#   Increase physical memory or swap space
#   Check if swap backing store is full
#   Decrease Java heap size (-Xmx/-Xms)
#   Decrease number of Java threads
#   Decrease Java thread stack sizes (-Xss)
#   Set larger code cache with -XX:ReservedCodeCacheSize=
#   JVM is running with Unscaled Compressed Oops mode in which the Java heap is
#     placed in the first 4GB address space. The Java Heap base address is the
#     maximum limit for the native heap growth. Please use -XX:HeapBaseMinAddress
#     to set the Java Heap base and to place the Java Heap above 4GB virtual address.
# This output file may be truncated or incomplete.
#
#  Out of Memory Error (arena.cpp:189), pid=23548, tid=2128
#
# JRE version: OpenJDK Runtime Environment (1.8) (build 1.8+0-b2043.56-10027231)
# Java VM: OpenJDK 64-Bit Server VM (1.8+0-b2043.56-10027231, mixed mode, tiered, compressed oops, compressed class ptrs, g1 gc, windows-amd64)
# No core dump will be written. Minidumps are not enabled by default on client versions of Windows
#

---------------  S U M M A R Y ------------

Command Line: --add-opens=java.base/java.util=ALL-UNNAMED --add-opens=java.base/java.lang=ALL-UNNAMED --add-opens=java.base/java.lang.invoke=ALL-UNNAMED --add-opens=java.base/java.util=ALL-UNNAMED --add-opens=java.prefs/java.util.prefs=ALL-UNNAMED --add-opens=java.prefs/java.util.prefs=ALL-UNNAMED --add-opens=java.base/java.nio.charset=ALL-UNNAMED --add-opens=java.base/java.net=ALL-UNNAMED --add-opens=java.base/java.util.concurrent.atomic=ALL-UNNAMED -Xmx2048m -Dfile.encoding=GBK -Duser.country=CN -Duser.language=zh -Duser.variant org.gradle.launcher.daemon.bootstrap.GradleDaemon 7.2

Host: Intel(R) Core(TM) i5-10300H CPU @ 2.50GHz, 8 cores, 15G,  Windows 11 , 64 bit Build 22621 (10.0.22621.2506)
Time: Fri Dec  8 21:16:52 2023  Windows 11 , 64 bit Build 22621 (10.0.22621.2506) elapsed time: 28.390107 seconds (0d 0h 0m 28s)

---------------  T H R E A D  ---------------

Current thread (0x0000020affb34520):  JavaThread "C2 CompilerThread0" daemon [_thread_in_native, id=2128, stack(0x000000c7cb600000,0x000000c7cb700000)]


Current CompileTask:
C2:  28390 12632       4       com.google.common.collect.ImmutableSortedMap$Builder::build (87 bytes)

Stack: [0x000000c7cb600000,0x000000c7cb700000]
Native frames: (J=compiled Java code, j=interpreted, Vv=VM code, C=native code)
V  [jvm.dll+0x683c9a]
V  [jvm.dll+0x8427a4]
V  [jvm.dll+0x843f9e]
V  [jvm.dll+0x844603]
V  [jvm.dll+0x249b75]
V  [jvm.dll+0xabcac]
V  [jvm.dll+0xac27c]
V  [jvm.dll+0x11f257]
V  [jvm.dll+0x615b35]
V  [jvm.dll+0x614204]
V  [jvm.dll+0x21c078]
V  [jvm.dll+0x21b621]
V  [jvm.dll+0x1a4fdd]
V  [jvm.dll+0x22b098]
V  [jvm.dll+0x229159]
V  [jvm.dll+0x7f81ec]
V  [jvm.dll+0x7f274a]
V  [jvm.dll+0x682ad5]
C  [ucrtbase.dll+0x29363]
C  [KERNEL32.DLL+0x1257d]
C  [ntdll.dll+0x5aa58]


---------------  P R O C E S S  ---------------

Threads class SMR info:
_java_thread_list=0x0000020a8d78a3e0, length=141, elements={
0x0000020ae7c0ac70, 0x0000020affab47d0, 0x0000020affab5de0, 0x0000020affaf5050,
0x0000020affb26960, 0x0000020affb29bc0, 0x0000020affb2bd20, 0x0000020affb34520,
0x0000020affb36260, 0x0000020affb38310, 0x0000020affcb6d70, 0x0000020affcaadb0,
0x0000020a8494f8b0, 0x0000020a83bb2930, 0x0000020a83cf0910, 0x0000020a83f00580,
0x0000020a84cec8e0, 0x0000020a83f014c0, 0x0000020a83f03670, 0x0000020a83f02330,
0x0000020a83f01e60, 0x0000020a83f01990, 0x0000020a83f00b20, 0x0000020a83f031a0,
0x0000020a85163a80, 0x0000020a85164dc0, 0x0000020a85163f50, 0x0000020a851635b0,
0x0000020a85166100, 0x0000020a851630e0, 0x0000020a85164420, 0x0000020a851648f0,
0x0000020a85eb6870, 0x0000020a8d22c5e0, 0x0000020a8d226f40, 0x0000020a85fa5650,
0x0000020a850ecc10, 0x0000020a85fa5ff0, 0x0000020a89f886b0, 0x0000020a89f87d10,
0x0000020a8bd70340, 0x0000020a8bd70810, 0x0000020a8bd6f000, 0x0000020a8bd6f4d0,
0x0000020a8bd6f9a0, 0x0000020a8bd6fe70, 0x0000020a89f881e0, 0x0000020a89f88b80,
0x0000020a89f87370, 0x0000020a89f87840, 0x0000020a85fb28c0, 0x0000020a85fb0be0,
0x0000020a85fafd70, 0x0000020a85fb10b0, 0x0000020a85faf3d0, 0x0000020a85fb1580,
0x0000020a85fb1a50, 0x0000020a85fb0240, 0x0000020a85faf8a0, 0x0000020a85fb0710,
0x0000020a85fb1f20, 0x0000020a85fb23f0, 0x0000020a85fb2d90, 0x0000020a880df550,
0x0000020a880df080, 0x0000020a880dced0, 0x0000020a880dd3a0, 0x0000020a880dfa20,
0x0000020a880dc530, 0x0000020a8dab31a0, 0x0000020a8dab3b40, 0x0000020a8dab3670,
0x0000020a8dab44e0, 0x0000020a8dab4010, 0x0000020a8dab2cd0, 0x0000020a8a493a60,
0x0000020a8a494da0, 0x0000020a8a494400, 0x0000020a8a495270, 0x0000020a8a4965b0,
0x0000020a8a495740, 0x0000020a8a495c10, 0x0000020a8a4960e0, 0x0000020a8a4930c0,
0x0000020a8a492bf0, 0x0000020a8a493590, 0x0000020a8a4948d0, 0x0000020a8a493f30,
0x0000020a89811300, 0x0000020a898117d0, 0x0000020a898134b0, 0x0000020a89813980,
0x0000020a89814320, 0x0000020a898147f0, 0x0000020a89812640, 0x0000020a89811ca0,
0x0000020a89812170, 0x0000020a89813e50, 0x0000020a880dfef0, 0x0000020a880dd870,
0x0000020a89812fe0, 0x0000020a89812b10, 0x0000020a89814cc0, 0x0000020a87f8a770,
0x0000020a87f8d790, 0x0000020a87f8c920, 0x0000020a880dca00, 0x0000020a880ddd40,
0x0000020a880de210, 0x0000020a880de6e0, 0x0000020a880debb0, 0x0000020a8be936e0,
0x0000020a8be93bb0, 0x0000020a8be94ef0, 0x0000020a87f8dc60, 0x0000020a87f8cdf0,
0x0000020a87f8b110, 0x0000020a87f8d2c0, 0x0000020a87f8c450, 0x0000020a87f8b5e0,
0x0000020a8be91ed0, 0x0000020a8be94a20, 0x0000020a85eb6d40, 0x0000020a87f8ac40,
0x0000020a87f8bab0, 0x0000020a87f8a2a0, 0x0000020a8be923a0, 0x0000020a8be91a00,
0x0000020a8be92870, 0x0000020a8be94550, 0x0000020a8be93210, 0x0000020a8be91530,
0x0000020a8be92d40, 0x0000020a8be94080, 0x0000020a91bbc550, 0x0000020a91bbbbb0,
0x0000020a8d46e3b0, 0x0000020a87f8bf80, 0x0000020a88274f40, 0x0000020affe75900,
0x0000020a8d19f2f0
}

Java Threads: ( => current thread )
  0x0000020ae7c0ac70 JavaThread "main" [_thread_blocked, id=19492, stack(0x000000c7ca900000,0x000000c7caa00000)]
  0x0000020affab47d0 JavaThread "Reference Handler" daemon [_thread_blocked, id=22744, stack(0x000000c7cb000000,0x000000c7cb100000)]
  0x0000020affab5de0 JavaThread "Finalizer" daemon [_thread_blocked, id=22856, stack(0x000000c7cb100000,0x000000c7cb200000)]
  0x0000020affaf5050 JavaThread "Signal Dispatcher" daemon [_thread_blocked, id=22860, stack(0x000000c7cb200000,0x000000c7cb300000)]
  0x0000020affb26960 JavaThread "Attach Listener" daemon [_thread_blocked, id=14672, stack(0x000000c7cb300000,0x000000c7cb400000)]
  0x0000020affb29bc0 JavaThread "Service Thread" daemon [_thread_blocked, id=21372, stack(0x000000c7cb400000,0x000000c7cb500000)]
  0x0000020affb2bd20 JavaThread "Monitor Deflation Thread" daemon [_thread_blocked, id=22876, stack(0x000000c7cb500000,0x000000c7cb600000)]
=>0x0000020affb34520 JavaThread "C2 CompilerThread0" daemon [_thread_in_native, id=2128, stack(0x000000c7cb600000,0x000000c7cb700000)]
  0x0000020affb36260 JavaThread "C1 CompilerThread0" daemon [_thread_blocked, id=10492, stack(0x000000c7cb700000,0x000000c7cb800000)]
  0x0000020affb38310 JavaThread "Sweeper thread" daemon [_thread_blocked, id=19784, stack(0x000000c7cb800000,0x000000c7cb900000)]
  0x0000020affcb6d70 JavaThread "Common-Cleaner" daemon [_thread_blocked, id=22888, stack(0x000000c7cb900000,0x000000c7cba00000)]
  0x0000020affcaadb0 JavaThread "Notification Thread" daemon [_thread_blocked, id=22892, stack(0x000000c7cba00000,0x000000c7cbb00000)]
  0x0000020a8494f8b0 JavaThread "Daemon health stats" [_thread_blocked, id=22628, stack(0x000000c7cc200000,0x000000c7cc300000)]
  0x0000020a83bb2930 JavaThread "Incoming local TCP Connector on port 57684" [_thread_in_native, id=23076, stack(0x000000c7cc300000,0x000000c7cc400000)]
  0x0000020a83cf0910 JavaThread "Daemon periodic checks" [_thread_blocked, id=23080, stack(0x000000c7cc400000,0x000000c7cc500000)]
  0x0000020a83f00580 JavaThread "Daemon" [_thread_blocked, id=23072, stack(0x000000c7cc500000,0x000000c7cc600000)]
  0x0000020a84cec8e0 JavaThread "Daemon worker" [_thread_blocked, id=23112, stack(0x000000c7cc800000,0x000000c7cc900000)]
  0x0000020a83f014c0 JavaThread "Cache worker for journal cache (C:\Users\datam\.gradle\caches\journal-1)" [_thread_blocked, id=23096, stack(0x000000c7ccf00000,0x000000c7cd000000)]
  0x0000020a83f03670 JavaThread "File lock request listener" [_thread_in_native, id=23048, stack(0x000000c7cd000000,0x000000c7cd100000)]
  0x0000020a83f02330 JavaThread "Cache worker for file hash cache (C:\Users\datam\.gradle\caches\7.2\fileHashes)" [_thread_blocked, id=23160, stack(0x000000c7cd100000,0x000000c7cd200000)]
  0x0000020a83f01e60 JavaThread "File watcher server" daemon [_thread_in_native, id=23320, stack(0x000000c7cd700000,0x000000c7cd800000)]
  0x0000020a83f01990 JavaThread "File watcher consumer" daemon [_thread_in_Java, id=20168, stack(0x000000c7cd800000,0x000000c7cd900000)]
  0x0000020a83f00b20 JavaThread "jar transforms" [_thread_blocked, id=23376, stack(0x000000c7cd900000,0x000000c7cda00000)]
  0x0000020a83f031a0 JavaThread "jar transforms Thread 2" [_thread_blocked, id=23224, stack(0x000000c7cda00000,0x000000c7cdb00000)]
  0x0000020a85163a80 JavaThread "jar transforms Thread 3" [_thread_blocked, id=23228, stack(0x000000c7cdb00000,0x000000c7cdc00000)]
  0x0000020a85164dc0 JavaThread "jar transforms Thread 4" [_thread_blocked, id=23220, stack(0x000000c7cdc00000,0x000000c7cdd00000)]
  0x0000020a85163f50 JavaThread "jar transforms Thread 5" [_thread_blocked, id=23384, stack(0x000000c7cdd00000,0x000000c7cde00000)]
  0x0000020a851635b0 JavaThread "jar transforms Thread 6" [_thread_blocked, id=23196, stack(0x000000c7cde00000,0x000000c7cdf00000)]
  0x0000020a85166100 JavaThread "jar transforms Thread 7" [_thread_blocked, id=23184, stack(0x000000c7cdf00000,0x000000c7ce000000)]
  0x0000020a851630e0 JavaThread "jar transforms Thread 8" [_thread_blocked, id=23208, stack(0x000000c7ce000000,0x000000c7ce100000)]
  0x0000020a85164420 JavaThread "File lock release action executor" [_thread_blocked, id=6660, stack(0x000000c7ce300000,0x000000c7ce400000)]
  0x0000020a851648f0 JavaThread "Cache worker for execution history cache (C:\Users\datam\.gradle\caches\7.2\executionHistory)" [_thread_blocked, id=21120, stack(0x000000c7ce500000,0x000000c7ce600000)]
  0x0000020a85eb6870 JavaThread "Cache worker for file content cache (C:\Users\datam\.gradle\caches\7.2\fileContent)" [_thread_blocked, id=23504, stack(0x000000c7ce600000,0x000000c7ce700000)]
  0x0000020a8d22c5e0 JavaThread "Memory manager" [_thread_blocked, id=22920, stack(0x000000c7d3900000,0x000000c7d3a00000)]
  0x0000020a8d226f40 JavaThread "pool-3-thread-1" [_thread_blocked, id=22760, stack(0x000000c7d3a00000,0x000000c7d3b00000)]
  0x0000020a85fa5650 JavaThread "Handler for socket connection from /127.0.0.1:57684 to /127.0.0.1:57720" [_thread_in_native, id=22924, stack(0x000000c7cbc00000,0x000000c7cbd00000)]
  0x0000020a850ecc10 JavaThread "Cancel handler" [_thread_blocked, id=9892, stack(0x000000c7cc600000,0x000000c7cc700000)]
  0x0000020a85fa5ff0 JavaThread "Asynchronous log dispatcher for DefaultDaemonConnection: socket connection from /127.0.0.1:57684 to /127.0.0.1:57720" [_thread_blocked, id=16116, stack(0x000000c7cc700000,0x000000c7cc800000)]
  0x0000020a89f886b0 JavaThread "Stdin handler" [_thread_blocked, id=4960, stack(0x000000c7cc900000,0x000000c7cca00000)]
  0x0000020a89f87d10 JavaThread "Daemon client event forwarder" [_thread_blocked, id=10636, stack(0x000000c7cca00000,0x000000c7ccb00000)]
  0x0000020a8bd70340 JavaThread "Cache worker for file hash cache (E:\2020207335060_ahtcm.rar\2020207335060_ahtcm\.gradle\7.2\fileHashes)" [_thread_blocked, id=5608, stack(0x000000c7cd200000,0x000000c7cd300000)]
  0x0000020a8bd70810 JavaThread "Cache worker for checksums cache (E:\2020207335060_ahtcm.rar\2020207335060_ahtcm\.gradle\checksums)" [_thread_blocked, id=22660, stack(0x000000c7ce100000,0x000000c7ce200000)]
  0x0000020a8bd6f000 JavaThread "Cache worker for cache directory md-supplier (C:\Users\datam\.gradle\caches\7.2\md-supplier)" [_thread_blocked, id=2876, stack(0x000000c7ce200000,0x000000c7ce300000)]
  0x0000020a8bd6f4d0 JavaThread "Cache worker for cache directory md-rule (C:\Users\datam\.gradle\caches\7.2\md-rule)" [_thread_blocked, id=23004, stack(0x000000c7ce400000,0x000000c7ce500000)]
  0x0000020a8bd6f9a0 JavaThread "Cache worker for dependencies-accessors (E:\2020207335060_ahtcm.rar\2020207335060_ahtcm\.gradle\7.2\dependencies-accessors)" [_thread_blocked, id=22772, stack(0x000000c7ce700000,0x000000c7ce800000)]
  0x0000020a8bd6fe70 JavaThread "Cache worker for Build Output Cleanup Cache (E:\2020207335060_ahtcm.rar\2020207335060_ahtcm\.gradle\buildOutputCleanup)" [_thread_blocked, id=10980, stack(0x000000c7ce800000,0x000000c7ce900000)]
  0x0000020a89f881e0 JavaThread "Unconstrained build operations" [_thread_blocked, id=6256, stack(0x000000c7ce900000,0x000000c7cea00000)]
  0x0000020a89f88b80 JavaThread "Unconstrained build operations Thread 2" [_thread_blocked, id=22648, stack(0x000000c7cea00000,0x000000c7ceb00000)]
  0x0000020a89f87370 JavaThread "Unconstrained build operations Thread 3" [_thread_blocked, id=22992, stack(0x000000c7ceb00000,0x000000c7cec00000)]
  0x0000020a89f87840 JavaThread "Unconstrained build operations Thread 4" [_thread_blocked, id=22968, stack(0x000000c7cec00000,0x000000c7ced00000)]
  0x0000020a85fb28c0 JavaThread "Unconstrained build operations Thread 5" [_thread_blocked, id=23008, stack(0x000000c7ced00000,0x000000c7cee00000)]
  0x0000020a85fb0be0 JavaThread "Unconstrained build operations Thread 6" [_thread_blocked, id=6108, stack(0x000000c7cee00000,0x000000c7cef00000)]
  0x0000020a85fafd70 JavaThread "Unconstrained build operations Thread 7" [_thread_blocked, id=8324, stack(0x000000c7cef00000,0x000000c7cf000000)]
  0x0000020a85fb10b0 JavaThread "Unconstrained build operations Thread 8" [_thread_blocked, id=9840, stack(0x000000c7cf000000,0x000000c7cf100000)]
  0x0000020a85faf3d0 JavaThread "Unconstrained build operations Thread 9" [_thread_blocked, id=23328, stack(0x000000c7cf100000,0x000000c7cf200000)]
  0x0000020a85fb1580 JavaThread "Unconstrained build operations Thread 10" [_thread_in_native, id=2984, stack(0x000000c7cf200000,0x000000c7cf300000)]
  0x0000020a85fb1a50 JavaThread "Unconstrained build operations Thread 11" [_thread_blocked, id=23100, stack(0x000000c7cf300000,0x000000c7cf400000)]
  0x0000020a85fb0240 JavaThread "Unconstrained build operations Thread 12" [_thread_blocked, id=10168, stack(0x000000c7cf400000,0x000000c7cf500000)]
  0x0000020a85faf8a0 JavaThread "Unconstrained build operations Thread 13" [_thread_blocked, id=22936, stack(0x000000c7cf500000,0x000000c7cf600000)]
  0x0000020a85fb0710 JavaThread "Unconstrained build operations Thread 14" [_thread_blocked, id=22540, stack(0x000000c7cf600000,0x000000c7cf700000)]
  0x0000020a85fb1f20 JavaThread "Unconstrained build operations Thread 15" [_thread_blocked, id=20860, stack(0x000000c7cf700000,0x000000c7cf800000)]
  0x0000020a85fb23f0 JavaThread "Unconstrained build operations Thread 16" [_thread_blocked, id=22356, stack(0x000000c7cf800000,0x000000c7cf900000)]
  0x0000020a85fb2d90 JavaThread "Unconstrained build operations Thread 17" [_thread_blocked, id=9832, stack(0x000000c7cf900000,0x000000c7cfa00000)]
  0x0000020a880df550 JavaThread "Unconstrained build operations Thread 18" [_thread_blocked, id=2952, stack(0x000000c7cfa00000,0x000000c7cfb00000)]
  0x0000020a880df080 JavaThread "Unconstrained build operations Thread 19" [_thread_blocked, id=14464, stack(0x000000c7cfb00000,0x000000c7cfc00000)]
  0x0000020a880dced0 JavaThread "Unconstrained build operations Thread 20" [_thread_blocked, id=22576, stack(0x000000c7cfc00000,0x000000c7cfd00000)]
  0x0000020a880dd3a0 JavaThread "Unconstrained build operations Thread 21" [_thread_in_native, id=11976, stack(0x000000c7cfd00000,0x000000c7cfe00000)]
  0x0000020a880dfa20 JavaThread "Unconstrained build operations Thread 22" [_thread_blocked, id=22716, stack(0x000000c7cfe00000,0x000000c7cff00000)]
  0x0000020a880dc530 JavaThread "Unconstrained build operations Thread 23" [_thread_blocked, id=9808, stack(0x000000c7cff00000,0x000000c7d0000000)]
  0x0000020a8dab31a0 JavaThread "Unconstrained build operations Thread 24" [_thread_blocked, id=22780, stack(0x000000c7d0000000,0x000000c7d0100000)]
  0x0000020a8dab3b40 JavaThread "Unconstrained build operations Thread 25" [_thread_in_native, id=16144, stack(0x000000c7d0100000,0x000000c7d0200000)]
  0x0000020a8dab3670 JavaThread "Unconstrained build operations Thread 26" [_thread_blocked, id=16264, stack(0x000000c7d0200000,0x000000c7d0300000)]
  0x0000020a8dab44e0 JavaThread "Unconstrained build operations Thread 27" [_thread_blocked, id=23060, stack(0x000000c7d0300000,0x000000c7d0400000)]
  0x0000020a8dab4010 JavaThread "Unconstrained build operations Thread 28" [_thread_blocked, id=8648, stack(0x000000c7d0400000,0x000000c7d0500000)]
  0x0000020a8dab2cd0 JavaThread "Unconstrained build operations Thread 29" [_thread_blocked, id=22712, stack(0x000000c7d0500000,0x000000c7d0600000)]
  0x0000020a8a493a60 JavaThread "Unconstrained build operations Thread 30" [_thread_blocked, id=22756, stack(0x000000c7d0600000,0x000000c7d0700000)]
  0x0000020a8a494da0 JavaThread "Unconstrained build operations Thread 31" [_thread_blocked, id=11180, stack(0x000000c7d0700000,0x000000c7d0800000)]
  0x0000020a8a494400 JavaThread "Unconstrained build operations Thread 32" [_thread_blocked, id=23088, stack(0x000000c7d0800000,0x000000c7d0900000)]
  0x0000020a8a495270 JavaThread "Unconstrained build operations Thread 33" [_thread_blocked, id=23172, stack(0x000000c7d0900000,0x000000c7d0a00000)]
  0x0000020a8a4965b0 JavaThread "Unconstrained build operations Thread 34" [_thread_blocked, id=12984, stack(0x000000c7d0a00000,0x000000c7d0b00000)]
  0x0000020a8a495740 JavaThread "Unconstrained build operations Thread 35" [_thread_blocked, id=6280, stack(0x000000c7d0b00000,0x000000c7d0c00000)]
  0x0000020a8a495c10 JavaThread "Unconstrained build operations Thread 36" [_thread_blocked, id=23500, stack(0x000000c7d0c00000,0x000000c7d0d00000)]
  0x0000020a8a4960e0 JavaThread "Unconstrained build operations Thread 37" [_thread_blocked, id=22596, stack(0x000000c7d0d00000,0x000000c7d0e00000)]
  0x0000020a8a4930c0 JavaThread "Unconstrained build operations Thread 38" [_thread_blocked, id=4012, stack(0x000000c7d0e00000,0x000000c7d0f00000)]
  0x0000020a8a492bf0 JavaThread "Unconstrained build operations Thread 39" [_thread_blocked, id=22912, stack(0x000000c7d0f00000,0x000000c7d1000000)]
  0x0000020a8a493590 JavaThread "Unconstrained build operations Thread 40" [_thread_blocked, id=20932, stack(0x000000c7d1000000,0x000000c7d1100000)]
  0x0000020a8a4948d0 JavaThread "Unconstrained build operations Thread 41" [_thread_blocked, id=11944, stack(0x000000c7d1100000,0x000000c7d1200000)]
  0x0000020a8a493f30 JavaThread "Unconstrained build operations Thread 42" [_thread_blocked, id=2896, stack(0x000000c7d1200000,0x000000c7d1300000)]
  0x0000020a89811300 JavaThread "Unconstrained build operations Thread 43" [_thread_blocked, id=22916, stack(0x000000c7d1300000,0x000000c7d1400000)]
  0x0000020a898117d0 JavaThread "Unconstrained build operations Thread 44" [_thread_blocked, id=10700, stack(0x000000c7d1400000,0x000000c7d1500000)]
  0x0000020a898134b0 JavaThread "Unconstrained build operations Thread 45" [_thread_blocked, id=23496, stack(0x000000c7d1500000,0x000000c7d1600000)]
  0x0000020a89813980 JavaThread "Unconstrained build operations Thread 46" [_thread_blocked, id=7164, stack(0x000000c7d1600000,0x000000c7d1700000)]
  0x0000020a89814320 JavaThread "Unconstrained build operations Thread 47" [_thread_blocked, id=19768, stack(0x000000c7d1700000,0x000000c7d1800000)]
  0x0000020a898147f0 JavaThread "Unconstrained build operations Thread 48" [_thread_blocked, id=21200, stack(0x000000c7d1800000,0x000000c7d1900000)]
  0x0000020a89812640 JavaThread "Unconstrained build operations Thread 49" [_thread_blocked, id=22536, stack(0x000000c7d1900000,0x000000c7d1a00000)]
  0x0000020a89811ca0 JavaThread "Unconstrained build operations Thread 50" [_thread_blocked, id=14324, stack(0x000000c7d1a00000,0x000000c7d1b00000)]
  0x0000020a89812170 JavaThread "Unconstrained build operations Thread 51" [_thread_blocked, id=23092, stack(0x000000c7d1b00000,0x000000c7d1c00000)]
  0x0000020a89813e50 JavaThread "Unconstrained build operations Thread 52" [_thread_blocked, id=21928, stack(0x000000c7d1c00000,0x000000c7d1d00000)]
  0x0000020a880dfef0 JavaThread "Unconstrained build operations Thread 53" [_thread_blocked, id=5060, stack(0x000000c7d1d00000,0x000000c7d1e00000)]
  0x0000020a880dd870 JavaThread "Unconstrained build operations Thread 54" [_thread_blocked, id=22624, stack(0x000000c7d1e00000,0x000000c7d1f00000)]
  0x0000020a89812fe0 JavaThread "Unconstrained build operations Thread 55" [_thread_blocked, id=18988, stack(0x000000c7d1f00000,0x000000c7d2000000)]
  0x0000020a89812b10 JavaThread "Unconstrained build operations Thread 56" [_thread_in_native, id=21604, stack(0x000000c7d2000000,0x000000c7d2100000)]
  0x0000020a89814cc0 JavaThread "Unconstrained build operations Thread 57" [_thread_blocked, id=1040, stack(0x000000c7d2100000,0x000000c7d2200000)]
  0x0000020a87f8a770 JavaThread "Unconstrained build operations Thread 58" [_thread_blocked, id=23068, stack(0x000000c7d2200000,0x000000c7d2300000)]
  0x0000020a87f8d790 JavaThread "Unconstrained build operations Thread 59" [_thread_blocked, id=22708, stack(0x000000c7d2300000,0x000000c7d2400000)]
  0x0000020a87f8c920 JavaThread "Unconstrained build operations Thread 60" [_thread_blocked, id=13256, stack(0x000000c7d2400000,0x000000c7d2500000)]
  0x0000020a880dca00 JavaThread "Unconstrained build operations Thread 61" [_thread_blocked, id=15396, stack(0x000000c7d2500000,0x000000c7d2600000)]
  0x0000020a880ddd40 JavaThread "Unconstrained build operations Thread 62" [_thread_blocked, id=9588, stack(0x000000c7d2600000,0x000000c7d2700000)]
  0x0000020a880de210 JavaThread "Unconstrained build operations Thread 63" [_thread_blocked, id=22552, stack(0x000000c7d2700000,0x000000c7d2800000)]
  0x0000020a880de6e0 JavaThread "Unconstrained build operations Thread 64" [_thread_blocked, id=6652, stack(0x000000c7d2800000,0x000000c7d2900000)]
  0x0000020a880debb0 JavaThread "Unconstrained build operations Thread 65" [_thread_blocked, id=22908, stack(0x000000c7d2900000,0x000000c7d2a00000)]
  0x0000020a8be936e0 JavaThread "Unconstrained build operations Thread 66" [_thread_blocked, id=10260, stack(0x000000c7d2a00000,0x000000c7d2b00000)]
  0x0000020a8be93bb0 JavaThread "Unconstrained build operations Thread 67" [_thread_blocked, id=22656, stack(0x000000c7d2b00000,0x000000c7d2c00000)]
  0x0000020a8be94ef0 JavaThread "Unconstrained build operations Thread 68" [_thread_blocked, id=16596, stack(0x000000c7d2c00000,0x000000c7d2d00000)]
  0x0000020a87f8dc60 JavaThread "Unconstrained build operations Thread 69" [_thread_blocked, id=23544, stack(0x000000c7d2d00000,0x000000c7d2e00000)]
  0x0000020a87f8cdf0 JavaThread "Unconstrained build operations Thread 70" [_thread_blocked, id=7672, stack(0x000000c7d2e00000,0x000000c7d2f00000)]
  0x0000020a87f8b110 JavaThread "Unconstrained build operations Thread 71" [_thread_blocked, id=23468, stack(0x000000c7d2f00000,0x000000c7d3000000)]
  0x0000020a87f8d2c0 JavaThread "Unconstrained build operations Thread 72" [_thread_blocked, id=19728, stack(0x000000c7d3000000,0x000000c7d3100000)]
  0x0000020a87f8c450 JavaThread "Unconstrained build operations Thread 73" [_thread_blocked, id=19828, stack(0x000000c7d3100000,0x000000c7d3200000)]
  0x0000020a87f8b5e0 JavaThread "Unconstrained build operations Thread 74" [_thread_blocked, id=14600, stack(0x000000c7d3200000,0x000000c7d3300000)]
  0x0000020a8be91ed0 JavaThread "Unconstrained build operations Thread 75" [_thread_blocked, id=14172, stack(0x000000c7d3300000,0x000000c7d3400000)]
  0x0000020a8be94a20 JavaThread "Unconstrained build operations Thread 76" [_thread_blocked, id=23484, stack(0x000000c7d3400000,0x000000c7d3500000)]
  0x0000020a85eb6d40 JavaThread "Unconstrained build operations Thread 77" [_thread_blocked, id=9068, stack(0x000000c7d3500000,0x000000c7d3600000)]
  0x0000020a87f8ac40 JavaThread "Unconstrained build operations Thread 78" [_thread_blocked, id=5140, stack(0x000000c7d3600000,0x000000c7d3700000)]
  0x0000020a87f8bab0 JavaThread "Unconstrained build operations Thread 79" [_thread_blocked, id=1264, stack(0x000000c7d3700000,0x000000c7d3800000)]
  0x0000020a87f8a2a0 JavaThread "Unconstrained build operations Thread 80" [_thread_blocked, id=23472, stack(0x000000c7d3800000,0x000000c7d3900000)]
  0x0000020a8be923a0 JavaThread "build event listener" [_thread_blocked, id=23436, stack(0x000000c7d3b00000,0x000000c7d3c00000)]
  0x0000020a8be91a00 JavaThread "pool-6-thread-1" [_thread_blocked, id=8944, stack(0x000000c7d3c00000,0x000000c7d3d00000)]
  0x0000020a8be92870 JavaThread "build event listener" [_thread_blocked, id=7388, stack(0x000000c7d3d00000,0x000000c7d3e00000)]
  0x0000020a8be94550 JavaThread "Execution worker for ':'" [_thread_blocked, id=23516, stack(0x000000c7d3e00000,0x000000c7d3f00000)]
  0x0000020a8be93210 JavaThread "Execution worker for ':' Thread 2" [_thread_blocked, id=23432, stack(0x000000c7d3f00000,0x000000c7d4000000)]
  0x0000020a8be91530 JavaThread "Execution worker for ':' Thread 3" [_thread_blocked, id=23116, stack(0x000000c7d4000000,0x000000c7d4100000)]
  0x0000020a8be92d40 JavaThread "Execution worker for ':' Thread 4" [_thread_blocked, id=19448, stack(0x000000c7d4100000,0x000000c7d4200000)]
  0x0000020a8be94080 JavaThread "Execution worker for ':' Thread 5" [_thread_blocked, id=23424, stack(0x000000c7d4200000,0x000000c7d4300000)]
  0x0000020a91bbc550 JavaThread "Execution worker for ':' Thread 6" [_thread_blocked, id=14764, stack(0x000000c7d4300000,0x000000c7d4400000)]
  0x0000020a91bbbbb0 JavaThread "Execution worker for ':' Thread 7" [_thread_blocked, id=23412, stack(0x000000c7d4400000,0x000000c7d4500000)]
  0x0000020a8d46e3b0 JavaThread "Cache worker for execution history cache (E:\2020207335060_ahtcm.rar\2020207335060_ahtcm\.gradle\7.2\executionHistory)" [_thread_blocked, id=23528, stack(0x000000c7d4500000,0x000000c7d4600000)]
  0x0000020a87f8bf80 JavaThread "WorkerExecutor Queue" [_thread_blocked, id=23396, stack(0x000000c7d4600000,0x000000c7d4700000)]
  0x0000020a88274f40 JavaThread "WorkerExecutor Queue Thread 2" [_thread_blocked, id=23408, stack(0x000000c7d4700000,0x000000c7d4800000)]
  0x0000020affe75900 JavaThread "C2 CompilerThread1" daemon [_thread_in_native, id=23188, stack(0x000000c7ccb00000,0x000000c7ccc00000)]
  0x0000020a8d19f2f0 JavaThread "C2 CompilerThread2" daemon [_thread_in_native, id=22692, stack(0x000000c7cd600000,0x000000c7cd700000)]

Other Threads:
  0x0000020affa7e810 VMThread "VM Thread" [stack: 0x000000c7caf00000,0x000000c7cb000000] [id=22752]
  0x0000020affcb9660 WatcherThread [stack: 0x000000c7cbb00000,0x000000c7cbc00000] [id=4008]
  0x0000020ae7c686f0 GCTaskThread "GC Thread#0" [stack: 0x000000c7caa00000,0x000000c7cab00000] [id=22668]
  0x0000020a83544d70 GCTaskThread "GC Thread#1" [stack: 0x000000c7cbd00000,0x000000c7cbe00000] [id=3876]
  0x0000020a83545020 GCTaskThread "GC Thread#2" [stack: 0x000000c7cbe00000,0x000000c7cbf00000] [id=12092]
  0x0000020a835452d0 GCTaskThread "GC Thread#3" [stack: 0x000000c7cbf00000,0x000000c7cc000000] [id=11772]
  0x0000020a82d2f430 GCTaskThread "GC Thread#4" [stack: 0x000000c7cc000000,0x000000c7cc100000] [id=21220]
  0x0000020a82d2fab0 GCTaskThread "GC Thread#5" [stack: 0x000000c7cc100000,0x000000c7cc200000] [id=22896]
  0x0000020a84d83330 GCTaskThread "GC Thread#6" [stack: 0x000000c7ccc00000,0x000000c7ccd00000] [id=23132]
  0x0000020a84d835e0 GCTaskThread "GC Thread#7" [stack: 0x000000c7ccd00000,0x000000c7cce00000] [id=23124]
  0x0000020ae7c79630 ConcurrentGCThread "G1 Main Marker" [stack: 0x000000c7cab00000,0x000000c7cac00000] [id=22688]
  0x0000020ae7c7a040 ConcurrentGCThread "G1 Conc#0" [stack: 0x000000c7cac00000,0x000000c7cad00000] [id=22684]
  0x0000020a848a3440 ConcurrentGCThread "G1 Conc#1" [stack: 0x000000c7cce00000,0x000000c7ccf00000] [id=23104]
  0x0000020ae7ccd800 ConcurrentGCThread "G1 Refine#0" [stack: 0x000000c7cad00000,0x000000c7cae00000] [id=22704]
  0x0000020a86739370 ConcurrentGCThread "G1 Refine#1" [stack: 0x000000c7cd300000,0x000000c7cd400000] [id=23148]
  0x0000020a85f17680 ConcurrentGCThread "G1 Refine#2" [stack: 0x000000c7cd400000,0x000000c7cd500000] [id=23212]
  0x0000020a84f51780 ConcurrentGCThread "G1 Refine#3" [stack: 0x000000c7cd500000,0x000000c7cd600000] [id=23216]
  0x0000020ae7cce220 ConcurrentGCThread "G1 Service" [stack: 0x000000c7cae00000,0x000000c7caf00000] [id=22748]

Threads with active compile tasks:
C2 CompilerThread0    28434 12632       4       com.google.common.collect.ImmutableSortedMap$Builder::build (87 bytes)
C1 CompilerThread0    28434 12746       3       org.gradle.execution.plan.DefaultExecutionPlan::selectNext (264 bytes)
C2 CompilerThread1    28434 12682       4       java.util.Arrays::sort (47 bytes)
C2 CompilerThread2    28435 12728   !   4       java.util.concurrent.ConcurrentHashMap::putVal (432 bytes)

VM state: not at safepoint (normal execution)

VM Mutex/Monitor currently owned by a thread: None

Heap address: 0x0000000080000000, size: 2048 MB, Compressed Oops mode: 32-bit

CDS archive(s) not mapped
Compressed class space mapped at: 0x0000000100000000-0x0000000140000000, reserved size: 1073741824
Narrow klass base: 0x0000000000000000, Narrow klass shift: 3, Narrow klass range: 0x140000000

GC Precious Log:
 CPUs: 8 total, 8 available
 Memory: 16221M
 Large Page Support: Disabled
 NUMA Support: Disabled
 Compressed Oops: Enabled (32-bit)
 Heap Region Size: 1M
 Heap Min Capacity: 8M
 Heap Initial Capacity: 254M
 Heap Max Capacity: 2G
 Pre-touch: Disabled
 Parallel Workers: 8
 Concurrent Workers: 2
 Concurrent Refinement Workers: 8
 Periodic GC: Disabled

Heap:
 garbage-first heap   total 260096K, used 157942K [0x0000000080000000, 0x0000000100000000)
  region size 1024K, 16 young (16384K), 6 survivors (6144K)
 Metaspace       used 103255K, committed 104128K, reserved 1146880K
  class space    used 13765K, committed 14208K, reserved 1048576K

Heap Regions: E=young(eden), S=young(survivor), O=old, HS=humongous(starts), HC=humongous(continues), CS=collection set, F=free, OA=open archive, CA=closed archive, TAMS=top-at-mark-start (previous, next)
|   0|0x0000000080000000, 0x0000000080100000, 0x0000000080100000|100%| O|  |TAMS 0x0000000080100000, 0x0000000080000000| Untracked 
|   1|0x0000000080100000, 0x0000000080200000, 0x0000000080200000|100%| O|  |TAMS 0x0000000080200000, 0x0000000080100000| Untracked 
|   2|0x0000000080200000, 0x00000000802fa800, 0x0000000080300000| 97%| O|  |TAMS 0x00000000802fa800, 0x0000000080200000| Untracked 
|   3|0x0000000080300000, 0x0000000080400000, 0x0000000080400000|100%|HS|  |TAMS 0x0000000080400000, 0x0000000080300000| Complete 
|   4|0x0000000080400000, 0x0000000080500000, 0x0000000080500000|100%|HC|  |TAMS 0x0000000080500000, 0x0000000080400000| Complete 
|   5|0x0000000080500000, 0x0000000080600000, 0x0000000080600000|100%|HC|  |TAMS 0x0000000080600000, 0x0000000080500000| Complete 
|   6|0x0000000080600000, 0x0000000080700000, 0x0000000080700000|100%| O|  |TAMS 0x0000000080700000, 0x0000000080600000| Untracked 
|   7|0x0000000080700000, 0x0000000080800000, 0x0000000080800000|100%| O|  |TAMS 0x0000000080800000, 0x0000000080700000| Untracked 
|   8|0x0000000080800000, 0x0000000080900000, 0x0000000080900000|100%| O|  |TAMS 0x0000000080900000, 0x0000000080800000| Untracked 
|   9|0x0000000080900000, 0x0000000080a00000, 0x0000000080a00000|100%| O|  |TAMS 0x0000000080a00000, 0x0000000080900000| Untracked 
|  10|0x0000000080a00000, 0x0000000080b00000, 0x0000000080b00000|100%| O|  |TAMS 0x0000000080b00000, 0x0000000080a00000| Untracked 
|  11|0x0000000080b00000, 0x0000000080c00000, 0x0000000080c00000|100%| O|  |TAMS 0x0000000080c00000, 0x0000000080b00000| Untracked 
|  12|0x0000000080c00000, 0x0000000080d00000, 0x0000000080d00000|100%| O|  |TAMS 0x0000000080d00000, 0x0000000080c00000| Untracked 
|  13|0x0000000080d00000, 0x0000000080e00000, 0x0000000080e00000|100%| O|  |TAMS 0x0000000080e00000, 0x0000000080d00000| Untracked 
|  14|0x0000000080e00000, 0x0000000080f00000, 0x0000000080f00000|100%| O|  |TAMS 0x0000000080f00000, 0x0000000080e00000| Untracked 
|  15|0x0000000080f00000, 0x0000000081000000, 0x0000000081000000|100%| O|  |TAMS 0x0000000081000000, 0x0000000080f00000| Untracked 
|  16|0x0000000081000000, 0x0000000081100000, 0x0000000081100000|100%| O|  |TAMS 0x0000000081100000, 0x0000000081000000| Untracked 
|  17|0x0000000081100000, 0x0000000081200000, 0x0000000081200000|100%| O|  |TAMS 0x0000000081200000, 0x0000000081100000| Untracked 
|  18|0x0000000081200000, 0x0000000081300000, 0x0000000081300000|100%| O|  |TAMS 0x0000000081300000, 0x0000000081200000| Untracked 
|  19|0x0000000081300000, 0x0000000081400000, 0x0000000081400000|100%| O|  |TAMS 0x0000000081400000, 0x0000000081300000| Untracked 
|  20|0x0000000081400000, 0x0000000081500000, 0x0000000081500000|100%|HS|  |TAMS 0x0000000081500000, 0x0000000081400000| Complete 
|  21|0x0000000081500000, 0x0000000081600000, 0x0000000081600000|100%|HC|  |TAMS 0x0000000081600000, 0x0000000081500000| Complete 
|  22|0x0000000081600000, 0x0000000081700000, 0x0000000081700000|100%|HS|  |TAMS 0x0000000081700000, 0x0000000081600000| Complete 
|  23|0x0000000081700000, 0x0000000081800000, 0x0000000081800000|100%|HC|  |TAMS 0x0000000081800000, 0x0000000081700000| Complete 
|  24|0x0000000081800000, 0x0000000081900000, 0x0000000081900000|100%|HC|  |TAMS 0x0000000081900000, 0x0000000081800000| Complete 
|  25|0x0000000081900000, 0x0000000081a00000, 0x0000000081a00000|100%|HS|  |TAMS 0x0000000081a00000, 0x0000000081900000| Complete 
|  26|0x0000000081a00000, 0x0000000081b00000, 0x0000000081b00000|100%|HC|  |TAMS 0x0000000081b00000, 0x0000000081a00000| Complete 
|  27|0x0000000081b00000, 0x0000000081c00000, 0x0000000081c00000|100%|HC|  |TAMS 0x0000000081c00000, 0x0000000081b00000| Complete 
|  28|0x0000000081c00000, 0x0000000081d00000, 0x0000000081d00000|100%|HS|  |TAMS 0x0000000081d00000, 0x0000000081c00000| Complete 
|  29|0x0000000081d00000, 0x0000000081e00000, 0x0000000081e00000|100%|HC|  |TAMS 0x0000000081e00000, 0x0000000081d00000| Complete 
|  30|0x0000000081e00000, 0x0000000081f00000, 0x0000000081f00000|100%|HC|  |TAMS 0x0000000081f00000, 0x0000000081e00000| Complete 
|  31|0x0000000081f00000, 0x0000000082000000, 0x0000000082000000|100%|HC|  |TAMS 0x0000000082000000, 0x0000000081f00000| Complete 
|  32|0x0000000082000000, 0x0000000082100000, 0x0000000082100000|100%|HC|  |TAMS 0x0000000082100000, 0x0000000082000000| Complete 
|  33|0x0000000082100000, 0x0000000082200000, 0x0000000082200000|100%|HC|  |TAMS 0x0000000082200000, 0x0000000082100000| Complete 
|  34|0x0000000082200000, 0x0000000082300000, 0x0000000082300000|100%|HC|  |TAMS 0x0000000082300000, 0x0000000082200000| Complete 
|  35|0x0000000082300000, 0x0000000082400000, 0x0000000082400000|100%|HC|  |TAMS 0x0000000082400000, 0x0000000082300000| Complete 
|  36|0x0000000082400000, 0x0000000082500000, 0x0000000082500000|100%|HC|  |TAMS 0x0000000082500000, 0x0000000082400000| Complete 
|  37|0x0000000082500000, 0x0000000082600000, 0x0000000082600000|100%|HC|  |TAMS 0x0000000082600000, 0x0000000082500000| Complete 
|  38|0x0000000082600000, 0x0000000082700000, 0x0000000082700000|100%|HC|  |TAMS 0x0000000082700000, 0x0000000082600000| Complete 
|  39|0x0000000082700000, 0x0000000082800000, 0x0000000082800000|100%|HC|  |TAMS 0x0000000082800000, 0x0000000082700000| Complete 
|  40|0x0000000082800000, 0x0000000082900000, 0x0000000082900000|100%| O|  |TAMS 0x0000000082900000, 0x0000000082800000| Untracked 
|  41|0x0000000082900000, 0x0000000082a00000, 0x0000000082a00000|100%| O|  |TAMS 0x0000000082a00000, 0x0000000082900000| Untracked 
|  42|0x0000000082a00000, 0x0000000082b00000, 0x0000000082b00000|100%|HS|  |TAMS 0x0000000082b00000, 0x0000000082a00000| Complete 
|  43|0x0000000082b00000, 0x0000000082c00000, 0x0000000082c00000|100%|HC|  |TAMS 0x0000000082c00000, 0x0000000082b00000| Complete 
|  44|0x0000000082c00000, 0x0000000082d00000, 0x0000000082d00000|100%| O|  |TAMS 0x0000000082d00000, 0x0000000082c00000| Untracked 
|  45|0x0000000082d00000, 0x0000000082e00000, 0x0000000082e00000|100%| O|  |TAMS 0x0000000082e00000, 0x0000000082d00000| Untracked 
|  46|0x0000000082e00000, 0x0000000082f00000, 0x0000000082f00000|100%|HS|  |TAMS 0x0000000082f00000, 0x0000000082e00000| Complete 
|  47|0x0000000082f00000, 0x0000000083000000, 0x0000000083000000|100%| O|  |TAMS 0x0000000083000000, 0x0000000082f00000| Untracked 
|  48|0x0000000083000000, 0x0000000083100000, 0x0000000083100000|100%| O|  |TAMS 0x0000000083100000, 0x0000000083000000| Untracked 
|  49|0x0000000083100000, 0x0000000083200000, 0x0000000083200000|100%| O|  |TAMS 0x0000000083200000, 0x0000000083100000| Untracked 
|  50|0x0000000083200000, 0x0000000083300000, 0x0000000083300000|100%| O|  |TAMS 0x0000000083300000, 0x0000000083200000| Untracked 
|  51|0x0000000083300000, 0x0000000083400000, 0x0000000083400000|100%| O|  |TAMS 0x0000000083400000, 0x0000000083300000| Untracked 
|  52|0x0000000083400000, 0x0000000083500000, 0x0000000083500000|100%|HS|  |TAMS 0x0000000083500000, 0x0000000083400000| Complete 
|  53|0x0000000083500000, 0x0000000083600000, 0x0000000083600000|100%|HC|  |TAMS 0x0000000083600000, 0x0000000083500000| Complete 
|  54|0x0000000083600000, 0x0000000083700000, 0x0000000083700000|100%|HC|  |TAMS 0x0000000083700000, 0x0000000083600000| Complete 
|  55|0x0000000083700000, 0x0000000083800000, 0x0000000083800000|100%|HS|  |TAMS 0x0000000083800000, 0x0000000083700000| Complete 
|  56|0x0000000083800000, 0x0000000083900000, 0x0000000083900000|100%|HC|  |TAMS 0x0000000083900000, 0x0000000083800000| Complete 
|  57|0x0000000083900000, 0x0000000083a00000, 0x0000000083a00000|100%|HC|  |TAMS 0x0000000083a00000, 0x0000000083900000| Complete 
|  58|0x0000000083a00000, 0x0000000083b00000, 0x0000000083b00000|100%| O|  |TAMS 0x0000000083b00000, 0x0000000083a00000| Untracked 
|  59|0x0000000083b00000, 0x0000000083c00000, 0x0000000083c00000|100%| O|  |TAMS 0x0000000083c00000, 0x0000000083b00000| Untracked 
|  60|0x0000000083c00000, 0x0000000083d00000, 0x0000000083d00000|100%| O|  |TAMS 0x0000000083d00000, 0x0000000083c00000| Untracked 
|  61|0x0000000083d00000, 0x0000000083e00000, 0x0000000083e00000|100%| O|  |TAMS 0x0000000083e00000, 0x0000000083d00000| Untracked 
|  62|0x0000000083e00000, 0x0000000083f00000, 0x0000000083f00000|100%| O|  |TAMS 0x0000000083f00000, 0x0000000083e00000| Untracked 
|  63|0x0000000083f00000, 0x0000000084000000, 0x0000000084000000|100%| O|  |TAMS 0x0000000084000000, 0x0000000083f00000| Untracked 
|  64|0x0000000084000000, 0x0000000084100000, 0x0000000084100000|100%| O|  |TAMS 0x0000000084100000, 0x0000000084000000| Untracked 
|  65|0x0000000084100000, 0x0000000084200000, 0x0000000084200000|100%|HS|  |TAMS 0x0000000084200000, 0x0000000084100000| Complete 
|  66|0x0000000084200000, 0x0000000084300000, 0x0000000084300000|100%|HC|  |TAMS 0x0000000084300000, 0x0000000084200000| Complete 
|  67|0x0000000084300000, 0x0000000084400000, 0x0000000084400000|100%| O|  |TAMS 0x0000000084400000, 0x0000000084300000| Untracked 
|  68|0x0000000084400000, 0x0000000084500000, 0x0000000084500000|100%| O|  |TAMS 0x0000000084500000, 0x0000000084400000| Untracked 
|  69|0x0000000084500000, 0x0000000084600000, 0x0000000084600000|100%| O|  |TAMS 0x0000000084600000, 0x0000000084500000| Untracked 
|  70|0x0000000084600000, 0x0000000084700000, 0x0000000084700000|100%| O|  |TAMS 0x0000000084700000, 0x0000000084600000| Untracked 
|  71|0x0000000084700000, 0x0000000084800000, 0x0000000084800000|100%| O|  |TAMS 0x0000000084800000, 0x0000000084700000| Untracked 
|  72|0x0000000084800000, 0x0000000084900000, 0x0000000084900000|100%| O|  |TAMS 0x0000000084900000, 0x0000000084800000| Untracked 
|  73|0x0000000084900000, 0x0000000084a00000, 0x0000000084a00000|100%| O|  |TAMS 0x0000000084a00000, 0x0000000084900000| Untracked 
|  74|0x0000000084a00000, 0x0000000084b00000, 0x0000000084b00000|100%| O|  |TAMS 0x0000000084b00000, 0x0000000084a00000| Untracked 
|  75|0x0000000084b00000, 0x0000000084c00000, 0x0000000084c00000|100%| O|  |TAMS 0x0000000084c00000, 0x0000000084b00000| Untracked 
|  76|0x0000000084c00000, 0x0000000084d00000, 0x0000000084d00000|100%| O|  |TAMS 0x0000000084d00000, 0x0000000084c00000| Untracked 
|  77|0x0000000084d00000, 0x0000000084e00000, 0x0000000084e00000|100%| O|  |TAMS 0x0000000084e00000, 0x0000000084d00000| Untracked 
|  78|0x0000000084e00000, 0x0000000084f00000, 0x0000000084f00000|100%| O|  |TAMS 0x0000000084f00000, 0x0000000084e00000| Untracked 
|  79|0x0000000084f00000, 0x0000000085000000, 0x0000000085000000|100%| O|  |TAMS 0x0000000085000000, 0x0000000084f00000| Untracked 
|  80|0x0000000085000000, 0x0000000085100000, 0x0000000085100000|100%| O|  |TAMS 0x0000000085100000, 0x0000000085000000| Untracked 
|  81|0x0000000085100000, 0x0000000085200000, 0x0000000085200000|100%| O|  |TAMS 0x0000000085200000, 0x0000000085100000| Untracked 
|  82|0x0000000085200000, 0x0000000085300000, 0x0000000085300000|100%| O|  |TAMS 0x0000000085300000, 0x0000000085200000| Untracked 
|  83|0x0000000085300000, 0x0000000085400000, 0x0000000085400000|100%| O|  |TAMS 0x0000000085400000, 0x0000000085300000| Untracked 
|  84|0x0000000085400000, 0x0000000085500000, 0x0000000085500000|100%|HS|  |TAMS 0x0000000085500000, 0x0000000085400000| Complete 
|  85|0x0000000085500000, 0x0000000085600000, 0x0000000085600000|100%|HC|  |TAMS 0x0000000085600000, 0x0000000085500000| Complete 
|  86|0x0000000085600000, 0x0000000085700000, 0x0000000085700000|100%|HS|  |TAMS 0x0000000085700000, 0x0000000085600000| Complete 
|  87|0x0000000085700000, 0x0000000085800000, 0x0000000085800000|100%|HC|  |TAMS 0x0000000085800000, 0x0000000085700000| Complete 
|  88|0x0000000085800000, 0x0000000085900000, 0x0000000085900000|100%|HC|  |TAMS 0x0000000085900000, 0x0000000085800000| Complete 
|  89|0x0000000085900000, 0x0000000085a00000, 0x0000000085a00000|100%|HS|  |TAMS 0x0000000085a00000, 0x0000000085900000| Complete 
|  90|0x0000000085a00000, 0x0000000085b00000, 0x0000000085b00000|100%|HC|  |TAMS 0x0000000085b00000, 0x0000000085a00000| Complete 
|  91|0x0000000085b00000, 0x0000000085c00000, 0x0000000085c00000|100%|HC|  |TAMS 0x0000000085c00000, 0x0000000085b00000| Complete 
|  92|0x0000000085c00000, 0x0000000085d00000, 0x0000000085d00000|100%|HS|  |TAMS 0x0000000085d00000, 0x0000000085c00000| Complete 
|  93|0x0000000085d00000, 0x0000000085e00000, 0x0000000085e00000|100%|HC|  |TAMS 0x0000000085e00000, 0x0000000085d00000| Complete 
|  94|0x0000000085e00000, 0x0000000085f00000, 0x0000000085f00000|100%|HC|  |TAMS 0x0000000085f00000, 0x0000000085e00000| Complete 
|  95|0x0000000085f00000, 0x0000000086000000, 0x0000000086000000|100%|HC|  |TAMS 0x0000000086000000, 0x0000000085f00000| Complete 
|  96|0x0000000086000000, 0x0000000086100000, 0x0000000086100000|100%|HC|  |TAMS 0x0000000086100000, 0x0000000086000000| Complete 
|  97|0x0000000086100000, 0x0000000086200000, 0x0000000086200000|100%|HC|  |TAMS 0x0000000086200000, 0x0000000086100000| Complete 
|  98|0x0000000086200000, 0x0000000086300000, 0x0000000086300000|100%|HC|  |TAMS 0x0000000086300000, 0x0000000086200000| Complete 
|  99|0x0000000086300000, 0x0000000086400000, 0x0000000086400000|100%|HC|  |TAMS 0x0000000086400000, 0x0000000086300000| Complete 
| 100|0x0000000086400000, 0x0000000086500000, 0x0000000086500000|100%|HC|  |TAMS 0x0000000086500000, 0x0000000086400000| Complete 
| 101|0x0000000086500000, 0x0000000086600000, 0x0000000086600000|100%|HC|  |TAMS 0x0000000086600000, 0x0000000086500000| Complete 
| 102|0x0000000086600000, 0x0000000086700000, 0x0000000086700000|100%|HC|  |TAMS 0x0000000086700000, 0x0000000086600000| Complete 
| 103|0x0000000086700000, 0x0000000086800000, 0x0000000086800000|100%|HC|  |TAMS 0x0000000086800000, 0x0000000086700000| Complete 
| 104|0x0000000086800000, 0x0000000086900000, 0x0000000086900000|100%|HS|  |TAMS 0x0000000086900000, 0x0000000086800000| Complete 
| 105|0x0000000086900000, 0x0000000086a00000, 0x0000000086a00000|100%|HC|  |TAMS 0x0000000086a00000, 0x0000000086900000| Complete 
| 106|0x0000000086a00000, 0x0000000086b00000, 0x0000000086b00000|100%| O|  |TAMS 0x0000000086b00000, 0x0000000086a00000| Untracked 
| 107|0x0000000086b00000, 0x0000000086c00000, 0x0000000086c00000|100%| O|  |TAMS 0x0000000086c00000, 0x0000000086b00000| Untracked 
| 108|0x0000000086c00000, 0x0000000086d00000, 0x0000000086d00000|100%| O|  |TAMS 0x0000000086d00000, 0x0000000086c00000| Untracked 
| 109|0x0000000086d00000, 0x0000000086e00000, 0x0000000086e00000|100%| O|  |TAMS 0x0000000086e00000, 0x0000000086d00000| Untracked 
| 110|0x0000000086e00000, 0x0000000086f00000, 0x0000000086f00000|100%| O|  |TAMS 0x0000000086f00000, 0x0000000086e00000| Untracked 
| 111|0x0000000086f00000, 0x0000000087000000, 0x0000000087000000|100%| O|  |TAMS 0x0000000087000000, 0x0000000086f00000| Untracked 
| 112|0x0000000087000000, 0x0000000087100000, 0x0000000087100000|100%| O|  |TAMS 0x0000000087100000, 0x0000000087000000| Untracked 
| 113|0x0000000087100000, 0x0000000087200000, 0x0000000087200000|100%| O|  |TAMS 0x0000000087200000, 0x0000000087100000| Untracked 
| 114|0x0000000087200000, 0x0000000087300000, 0x0000000087300000|100%| O|  |TAMS 0x0000000087300000, 0x0000000087200000| Untracked 
| 115|0x0000000087300000, 0x0000000087400000, 0x0000000087400000|100%| O|  |TAMS 0x0000000087400000, 0x0000000087300000| Untracked 
| 116|0x0000000087400000, 0x0000000087500000, 0x0000000087500000|100%| O|  |TAMS 0x0000000087500000, 0x0000000087400000| Untracked 
| 117|0x0000000087500000, 0x0000000087600000, 0x0000000087600000|100%| O|  |TAMS 0x0000000087600000, 0x0000000087500000| Untracked 
| 118|0x0000000087600000, 0x0000000087700000, 0x0000000087700000|100%| O|  |TAMS 0x0000000087700000, 0x0000000087600000| Untracked 
| 119|0x0000000087700000, 0x0000000087800000, 0x0000000087800000|100%| O|  |TAMS 0x0000000087800000, 0x0000000087700000| Untracked 
| 120|0x0000000087800000, 0x0000000087900000, 0x0000000087900000|100%| O|  |TAMS 0x0000000087900000, 0x0000000087800000| Untracked 
| 121|0x0000000087900000, 0x0000000087a00000, 0x0000000087a00000|100%| O|  |TAMS 0x0000000087a00000, 0x0000000087900000| Untracked 
| 122|0x0000000087a00000, 0x0000000087b00000, 0x0000000087b00000|100%| O|  |TAMS 0x0000000087b00000, 0x0000000087a00000| Complete 
| 123|0x0000000087b00000, 0x0000000087c00000, 0x0000000087c00000|100%| O|  |TAMS 0x0000000087c00000, 0x0000000087b00000| Untracked 
| 124|0x0000000087c00000, 0x0000000087d00000, 0x0000000087d00000|100%| O|  |TAMS 0x0000000087d00000, 0x0000000087c00000| Untracked 
| 125|0x0000000087d00000, 0x0000000087e00000, 0x0000000087e00000|100%| O|  |TAMS 0x0000000087e00000, 0x0000000087d00000| Untracked 
| 126|0x0000000087e00000, 0x0000000087f00000, 0x0000000087f00000|100%| O|  |TAMS 0x0000000087f00000, 0x0000000087e00000| Untracked 
| 127|0x0000000087f00000, 0x0000000088000000, 0x0000000088000000|100%| O|  |TAMS 0x0000000088000000, 0x0000000087f00000| Untracked 
| 128|0x0000000088000000, 0x0000000088100000, 0x0000000088100000|100%| O|  |TAMS 0x0000000088100000, 0x0000000088000000| Untracked 
| 129|0x0000000088100000, 0x0000000088200000, 0x0000000088200000|100%| O|  |TAMS 0x0000000088200000, 0x0000000088100000| Complete 
| 130|0x0000000088200000, 0x0000000088300000, 0x0000000088300000|100%| O|  |TAMS 0x0000000088300000, 0x0000000088200000| Untracked 
| 131|0x0000000088300000, 0x0000000088400000, 0x0000000088400000|100%| O|  |TAMS 0x0000000088400000, 0x0000000088300000| Complete 
| 132|0x0000000088400000, 0x0000000088500000, 0x0000000088500000|100%| O|  |TAMS 0x00000000884e1a00, 0x0000000088400000| Complete 
| 133|0x0000000088500000, 0x0000000088600000, 0x0000000088600000|100%| O|  |TAMS 0x0000000088500000, 0x0000000088500000| Untracked 
| 134|0x0000000088600000, 0x0000000088700000, 0x0000000088700000|100%| O|  |TAMS 0x0000000088600000, 0x0000000088600000| Untracked 
| 135|0x0000000088700000, 0x0000000088800000, 0x0000000088800000|100%| O|  |TAMS 0x0000000088700000, 0x0000000088700000| Untracked 
| 136|0x0000000088800000, 0x0000000088900000, 0x0000000088900000|100%| O|  |TAMS 0x0000000088800000, 0x0000000088800000| Untracked 
| 137|0x0000000088900000, 0x0000000088a00000, 0x0000000088a00000|100%| O|  |TAMS 0x0000000088900000, 0x0000000088900000| Untracked 
| 138|0x0000000088a00000, 0x0000000088b00000, 0x0000000088b00000|100%| O|  |TAMS 0x0000000088a00000, 0x0000000088a00000| Untracked 
| 139|0x0000000088b00000, 0x0000000088c00000, 0x0000000088c00000|100%| O|  |TAMS 0x0000000088b00000, 0x0000000088b00000| Untracked 
| 140|0x0000000088c00000, 0x0000000088c78200, 0x0000000088d00000| 46%| O|  |TAMS 0x0000000088c00000, 0x0000000088c00000| Untracked 
| 141|0x0000000088d00000, 0x0000000088d00000, 0x0000000088e00000|  0%| F|  |TAMS 0x0000000088d00000, 0x0000000088d00000| Untracked 
| 142|0x0000000088e00000, 0x0000000088e00000, 0x0000000088f00000|  0%| F|  |TAMS 0x0000000088e00000, 0x0000000088e00000| Untracked 
| 143|0x0000000088f00000, 0x0000000088f00000, 0x0000000089000000|  0%| F|  |TAMS 0x0000000088f00000, 0x0000000088f00000| Untracked 
| 144|0x0000000089000000, 0x0000000089000000, 0x0000000089100000|  0%| F|  |TAMS 0x0000000089000000, 0x0000000089000000| Untracked 
| 145|0x0000000089100000, 0x0000000089100000, 0x0000000089200000|  0%| F|  |TAMS 0x0000000089100000, 0x0000000089100000| Untracked 
| 146|0x0000000089200000, 0x0000000089200000, 0x0000000089300000|  0%| F|  |TAMS 0x0000000089200000, 0x0000000089200000| Untracked 
| 147|0x0000000089300000, 0x0000000089300000, 0x0000000089400000|  0%| F|  |TAMS 0x0000000089300000, 0x0000000089300000| Untracked 
| 148|0x0000000089400000, 0x0000000089400000, 0x0000000089500000|  0%| F|  |TAMS 0x0000000089400000, 0x0000000089400000| Untracked 
| 149|0x0000000089500000, 0x0000000089500000, 0x0000000089600000|  0%| F|  |TAMS 0x0000000089500000, 0x0000000089500000| Untracked 
| 150|0x0000000089600000, 0x0000000089600000, 0x0000000089700000|  0%| F|  |TAMS 0x0000000089600000, 0x0000000089600000| Untracked 
| 151|0x0000000089700000, 0x0000000089700000, 0x0000000089800000|  0%| F|  |TAMS 0x0000000089700000, 0x0000000089700000| Untracked 
| 152|0x0000000089800000, 0x0000000089800000, 0x0000000089900000|  0%| F|  |TAMS 0x0000000089800000, 0x0000000089800000| Untracked 
| 153|0x0000000089900000, 0x0000000089900000, 0x0000000089a00000|  0%| F|  |TAMS 0x0000000089900000, 0x0000000089900000| Untracked 
| 154|0x0000000089a00000, 0x0000000089a00000, 0x0000000089b00000|  0%| F|  |TAMS 0x0000000089a00000, 0x0000000089a00000| Untracked 
| 155|0x0000000089b00000, 0x0000000089b00000, 0x0000000089c00000|  0%| F|  |TAMS 0x0000000089b00000, 0x0000000089b00000| Untracked 
| 156|0x0000000089c00000, 0x0000000089c00000, 0x0000000089d00000|  0%| F|  |TAMS 0x0000000089c00000, 0x0000000089c00000| Untracked 
| 157|0x0000000089d00000, 0x0000000089d00000, 0x0000000089e00000|  0%| F|  |TAMS 0x0000000089d00000, 0x0000000089d00000| Untracked 
| 158|0x0000000089e00000, 0x0000000089e00000, 0x0000000089f00000|  0%| F|  |TAMS 0x0000000089e00000, 0x0000000089e00000| Untracked 
| 159|0x0000000089f00000, 0x0000000089f00000, 0x000000008a000000|  0%| F|  |TAMS 0x0000000089f00000, 0x0000000089f00000| Untracked 
| 160|0x000000008a000000, 0x000000008a000000, 0x000000008a100000|  0%| F|  |TAMS 0x000000008a000000, 0x000000008a000000| Untracked 
| 161|0x000000008a100000, 0x000000008a100000, 0x000000008a200000|  0%| F|  |TAMS 0x000000008a100000, 0x000000008a100000| Untracked 
| 162|0x000000008a200000, 0x000000008a200000, 0x000000008a300000|  0%| F|  |TAMS 0x000000008a200000, 0x000000008a200000| Untracked 
| 163|0x000000008a300000, 0x000000008a300000, 0x000000008a400000|  0%| F|  |TAMS 0x000000008a300000, 0x000000008a300000| Untracked 
| 164|0x000000008a400000, 0x000000008a400000, 0x000000008a500000|  0%| F|  |TAMS 0x000000008a400000, 0x000000008a400000| Untracked 
| 165|0x000000008a500000, 0x000000008a500000, 0x000000008a600000|  0%| F|  |TAMS 0x000000008a500000, 0x000000008a500000| Untracked 
| 166|0x000000008a600000, 0x000000008a600000, 0x000000008a700000|  0%| F|  |TAMS 0x000000008a600000, 0x000000008a600000| Untracked 
| 167|0x000000008a700000, 0x000000008a700000, 0x000000008a800000|  0%| F|  |TAMS 0x000000008a700000, 0x000000008a700000| Untracked 
| 168|0x000000008a800000, 0x000000008a800000, 0x000000008a900000|  0%| F|  |TAMS 0x000000008a800000, 0x000000008a800000| Untracked 
| 169|0x000000008a900000, 0x000000008a900000, 0x000000008aa00000|  0%| F|  |TAMS 0x000000008a900000, 0x000000008a900000| Untracked 
| 170|0x000000008aa00000, 0x000000008aa00000, 0x000000008ab00000|  0%| F|  |TAMS 0x000000008aa00000, 0x000000008aa00000| Untracked 
| 171|0x000000008ab00000, 0x000000008ab00000, 0x000000008ac00000|  0%| F|  |TAMS 0x000000008ab00000, 0x000000008ab00000| Untracked 
| 172|0x000000008ac00000, 0x000000008ac00000, 0x000000008ad00000|  0%| F|  |TAMS 0x000000008ac00000, 0x000000008ac00000| Untracked 
| 173|0x000000008ad00000, 0x000000008ad00000, 0x000000008ae00000|  0%| F|  |TAMS 0x000000008ad00000, 0x000000008ad00000| Untracked 
| 174|0x000000008ae00000, 0x000000008ae00000, 0x000000008af00000|  0%| F|  |TAMS 0x000000008ae00000, 0x000000008ae00000| Untracked 
| 175|0x000000008af00000, 0x000000008af00000, 0x000000008b000000|  0%| F|  |TAMS 0x000000008af00000, 0x000000008af00000| Untracked 
| 176|0x000000008b000000, 0x000000008b0cb048, 0x000000008b100000| 79%| S|CS|TAMS 0x000000008b000000, 0x000000008b000000| Complete 
| 177|0x000000008b100000, 0x000000008b200000, 0x000000008b200000|100%| S|CS|TAMS 0x000000008b100000, 0x000000008b100000| Complete 
| 178|0x000000008b200000, 0x000000008b300000, 0x000000008b300000|100%| S|CS|TAMS 0x000000008b200000, 0x000000008b200000| Complete 
| 179|0x000000008b300000, 0x000000008b400000, 0x000000008b400000|100%| S|CS|TAMS 0x000000008b300000, 0x000000008b300000| Complete 
| 180|0x000000008b400000, 0x000000008b500000, 0x000000008b500000|100%| S|CS|TAMS 0x000000008b400000, 0x000000008b400000| Complete 
| 181|0x000000008b500000, 0x000000008b600000, 0x000000008b600000|100%| S|CS|TAMS 0x000000008b500000, 0x000000008b500000| Complete 
| 182|0x000000008b600000, 0x000000008b600000, 0x000000008b700000|  0%| F|  |TAMS 0x000000008b600000, 0x000000008b600000| Untracked 
| 183|0x000000008b700000, 0x000000008b700000, 0x000000008b800000|  0%| F|  |TAMS 0x000000008b700000, 0x000000008b700000| Untracked 
| 184|0x000000008b800000, 0x000000008b800000, 0x000000008b900000|  0%| F|  |TAMS 0x000000008b800000, 0x000000008b800000| Untracked 
| 185|0x000000008b900000, 0x000000008b900000, 0x000000008ba00000|  0%| F|  |TAMS 0x000000008b900000, 0x000000008b900000| Untracked 
| 186|0x000000008ba00000, 0x000000008ba00000, 0x000000008bb00000|  0%| F|  |TAMS 0x000000008ba00000, 0x000000008ba00000| Untracked 
| 187|0x000000008bb00000, 0x000000008bb00000, 0x000000008bc00000|  0%| F|  |TAMS 0x000000008bb00000, 0x000000008bb00000| Untracked 
| 188|0x000000008bc00000, 0x000000008bc00000, 0x000000008bd00000|  0%| F|  |TAMS 0x000000008bc00000, 0x000000008bc00000| Untracked 
| 189|0x000000008bd00000, 0x000000008bd00000, 0x000000008be00000|  0%| F|  |TAMS 0x000000008bd00000, 0x000000008bd00000| Untracked 
| 190|0x000000008be00000, 0x000000008be00000, 0x000000008bf00000|  0%| F|  |TAMS 0x000000008be00000, 0x000000008be00000| Untracked 
| 191|0x000000008bf00000, 0x000000008bf00000, 0x000000008c000000|  0%| F|  |TAMS 0x000000008bf00000, 0x000000008bf00000| Untracked 
| 192|0x000000008c000000, 0x000000008c000000, 0x000000008c100000|  0%| F|  |TAMS 0x000000008c000000, 0x000000008c000000| Untracked 
| 193|0x000000008c100000, 0x000000008c100000, 0x000000008c200000|  0%| F|  |TAMS 0x000000008c100000, 0x000000008c100000| Untracked 
| 194|0x000000008c200000, 0x000000008c200000, 0x000000008c300000|  0%| F|  |TAMS 0x000000008c200000, 0x000000008c200000| Untracked 
| 195|0x000000008c300000, 0x000000008c300000, 0x000000008c400000|  0%| F|  |TAMS 0x000000008c300000, 0x000000008c300000| Untracked 
| 196|0x000000008c400000, 0x000000008c400000, 0x000000008c500000|  0%| F|  |TAMS 0x000000008c400000, 0x000000008c400000| Untracked 
| 197|0x000000008c500000, 0x000000008c500000, 0x000000008c600000|  0%| F|  |TAMS 0x000000008c500000, 0x000000008c500000| Untracked 
| 198|0x000000008c600000, 0x000000008c600000, 0x000000008c700000|  0%| F|  |TAMS 0x000000008c600000, 0x000000008c600000| Untracked 
| 199|0x000000008c700000, 0x000000008c700000, 0x000000008c800000|  0%| F|  |TAMS 0x000000008c700000, 0x000000008c700000| Untracked 
| 200|0x000000008c800000, 0x000000008c800000, 0x000000008c900000|  0%| F|  |TAMS 0x000000008c800000, 0x000000008c800000| Untracked 
| 201|0x000000008c900000, 0x000000008c900000, 0x000000008ca00000|  0%| F|  |TAMS 0x000000008c900000, 0x000000008c900000| Untracked 
| 202|0x000000008ca00000, 0x000000008ca00000, 0x000000008cb00000|  0%| F|  |TAMS 0x000000008ca00000, 0x000000008ca00000| Untracked 
| 203|0x000000008cb00000, 0x000000008cb00000, 0x000000008cc00000|  0%| F|  |TAMS 0x000000008cb00000, 0x000000008cb00000| Untracked 
| 204|0x000000008cc00000, 0x000000008cc00000, 0x000000008cd00000|  0%| F|  |TAMS 0x000000008cc00000, 0x000000008cc00000| Untracked 
| 205|0x000000008cd00000, 0x000000008cd00000, 0x000000008ce00000|  0%| F|  |TAMS 0x000000008cd00000, 0x000000008cd00000| Untracked 
| 206|0x000000008ce00000, 0x000000008ce00000, 0x000000008cf00000|  0%| F|  |TAMS 0x000000008ce00000, 0x000000008ce00000| Untracked 
| 207|0x000000008cf00000, 0x000000008cf00000, 0x000000008d000000|  0%| F|  |TAMS 0x000000008cf00000, 0x000000008cf00000| Untracked 
| 208|0x000000008d000000, 0x000000008d000000, 0x000000008d100000|  0%| F|  |TAMS 0x000000008d000000, 0x000000008d000000| Untracked 
| 209|0x000000008d100000, 0x000000008d100000, 0x000000008d200000|  0%| F|  |TAMS 0x000000008d100000, 0x000000008d100000| Untracked 
| 210|0x000000008d200000, 0x000000008d200000, 0x000000008d300000|  0%| F|  |TAMS 0x000000008d200000, 0x000000008d200000| Untracked 
| 211|0x000000008d300000, 0x000000008d300000, 0x000000008d400000|  0%| F|  |TAMS 0x000000008d300000, 0x000000008d300000| Untracked 
| 212|0x000000008d400000, 0x000000008d400000, 0x000000008d500000|  0%| F|  |TAMS 0x000000008d400000, 0x000000008d400000| Untracked 
| 213|0x000000008d500000, 0x000000008d500000, 0x000000008d600000|  0%| F|  |TAMS 0x000000008d500000, 0x000000008d500000| Untracked 
| 214|0x000000008d600000, 0x000000008d600000, 0x000000008d700000|  0%| F|  |TAMS 0x000000008d600000, 0x000000008d600000| Untracked 
| 215|0x000000008d700000, 0x000000008d700000, 0x000000008d800000|  0%| F|  |TAMS 0x000000008d700000, 0x000000008d700000| Untracked 
| 216|0x000000008d800000, 0x000000008d800000, 0x000000008d900000|  0%| F|  |TAMS 0x000000008d800000, 0x000000008d800000| Untracked 
| 217|0x000000008d900000, 0x000000008d900000, 0x000000008da00000|  0%| F|  |TAMS 0x000000008d900000, 0x000000008d900000| Untracked 
| 218|0x000000008da00000, 0x000000008da00000, 0x000000008db00000|  0%| F|  |TAMS 0x000000008da00000, 0x000000008da00000| Untracked 
| 219|0x000000008db00000, 0x000000008db00000, 0x000000008dc00000|  0%| F|  |TAMS 0x000000008db00000, 0x000000008db00000| Untracked 
| 220|0x000000008dc00000, 0x000000008dc00000, 0x000000008dd00000|  0%| F|  |TAMS 0x000000008dc00000, 0x000000008dc00000| Untracked 
| 221|0x000000008dd00000, 0x000000008dd00000, 0x000000008de00000|  0%| F|  |TAMS 0x000000008dd00000, 0x000000008dd00000| Untracked 
| 222|0x000000008de00000, 0x000000008de00000, 0x000000008df00000|  0%| F|  |TAMS 0x000000008de00000, 0x000000008de00000| Untracked 
| 223|0x000000008df00000, 0x000000008df00000, 0x000000008e000000|  0%| F|  |TAMS 0x000000008df00000, 0x000000008df00000| Untracked 
| 224|0x000000008e000000, 0x000000008e000000, 0x000000008e100000|  0%| F|  |TAMS 0x000000008e000000, 0x000000008e000000| Untracked 
| 225|0x000000008e100000, 0x000000008e100000, 0x000000008e200000|  0%| F|  |TAMS 0x000000008e100000, 0x000000008e100000| Untracked 
| 226|0x000000008e200000, 0x000000008e200000, 0x000000008e300000|  0%| F|  |TAMS 0x000000008e200000, 0x000000008e200000| Untracked 
| 227|0x000000008e300000, 0x000000008e300000, 0x000000008e400000|  0%| F|  |TAMS 0x000000008e300000, 0x000000008e300000| Untracked 
| 228|0x000000008e400000, 0x000000008e400000, 0x000000008e500000|  0%| F|  |TAMS 0x000000008e400000, 0x000000008e400000| Untracked 
| 229|0x000000008e500000, 0x000000008e500000, 0x000000008e600000|  0%| F|  |TAMS 0x000000008e500000, 0x000000008e500000| Untracked 
| 230|0x000000008e600000, 0x000000008e600000, 0x000000008e700000|  0%| F|  |TAMS 0x000000008e600000, 0x000000008e600000| Untracked 
| 231|0x000000008e700000, 0x000000008e700000, 0x000000008e800000|  0%| F|  |TAMS 0x000000008e700000, 0x000000008e700000| Untracked 
| 232|0x000000008e800000, 0x000000008e900000, 0x000000008e900000|100%| E|CS|TAMS 0x000000008e800000, 0x000000008e800000| Complete 
| 233|0x000000008e900000, 0x000000008e900000, 0x000000008ea00000|  0%| F|  |TAMS 0x000000008e900000, 0x000000008e900000| Untracked 
| 234|0x000000008ea00000, 0x000000008ea00000, 0x000000008eb00000|  0%| F|  |TAMS 0x000000008ea00000, 0x000000008ea00000| Untracked 
| 235|0x000000008eb00000, 0x000000008eb00000, 0x000000008ec00000|  0%| F|  |TAMS 0x000000008eb00000, 0x000000008eb00000| Untracked 
| 236|0x000000008ec00000, 0x000000008ec00000, 0x000000008ed00000|  0%| F|  |TAMS 0x000000008ec00000, 0x000000008ec00000| Untracked 
| 237|0x000000008ed00000, 0x000000008ed00000, 0x000000008ee00000|  0%| F|  |TAMS 0x000000008ed00000, 0x000000008ed00000| Untracked 
| 238|0x000000008ee00000, 0x000000008ee00000, 0x000000008ef00000|  0%| F|  |TAMS 0x000000008ee00000, 0x000000008ee00000| Untracked 
| 239|0x000000008ef00000, 0x000000008ef00000, 0x000000008f000000|  0%| F|  |TAMS 0x000000008ef00000, 0x000000008ef00000| Untracked 
| 240|0x000000008f000000, 0x000000008f000000, 0x000000008f100000|  0%| F|  |TAMS 0x000000008f000000, 0x000000008f000000| Untracked 
| 241|0x000000008f100000, 0x000000008f100000, 0x000000008f200000|  0%| F|  |TAMS 0x000000008f100000, 0x000000008f100000| Untracked 
| 242|0x000000008f200000, 0x000000008f200000, 0x000000008f300000|  0%| F|  |TAMS 0x000000008f200000, 0x000000008f200000| Untracked 
| 243|0x000000008f300000, 0x000000008f300000, 0x000000008f400000|  0%| F|  |TAMS 0x000000008f300000, 0x000000008f300000| Untracked 
| 244|0x000000008f400000, 0x000000008f400000, 0x000000008f500000|  0%| F|  |TAMS 0x000000008f400000, 0x000000008f400000| Untracked 
| 245|0x000000008f500000, 0x000000008f5baed0, 0x000000008f600000| 73%| E|  |TAMS 0x000000008f500000, 0x000000008f500000| Complete 
| 246|0x000000008f600000, 0x000000008f700000, 0x000000008f700000|100%| E|  |TAMS 0x000000008f600000, 0x000000008f600000| Complete 
| 247|0x000000008f700000, 0x000000008f800000, 0x000000008f800000|100%| E|CS|TAMS 0x000000008f700000, 0x000000008f700000| Complete 
| 248|0x000000008f800000, 0x000000008f900000, 0x000000008f900000|100%| E|CS|TAMS 0x000000008f800000, 0x000000008f800000| Complete 
| 249|0x000000008f900000, 0x000000008fa00000, 0x000000008fa00000|100%| E|CS|TAMS 0x000000008f900000, 0x000000008f900000| Complete 
| 266|0x0000000090a00000, 0x0000000090b00000, 0x0000000090b00000|100%| E|CS|TAMS 0x0000000090a00000, 0x0000000090a00000| Complete 
| 267|0x0000000090b00000, 0x0000000090c00000, 0x0000000090c00000|100%| E|CS|TAMS 0x0000000090b00000, 0x0000000090b00000| Complete 
| 268|0x0000000090c00000, 0x0000000090d00000, 0x0000000090d00000|100%| E|CS|TAMS 0x0000000090c00000, 0x0000000090c00000| Complete 
| 269|0x0000000090d00000, 0x0000000090e00000, 0x0000000090e00000|100%| E|CS|TAMS 0x0000000090d00000, 0x0000000090d00000| Complete 

Card table byte_map: [0x0000020afa800000,0x0000020afac00000] _byte_map_base: 0x0000020afa400000

Marking Bits (Prev, Next): (CMBitMap*) 0x0000020ae7c68d00, (CMBitMap*) 0x0000020ae7c68d40
 Prev Bits: [0x0000020afb000000, 0x0000020afd000000)
 Next Bits: [0x0000020afd000000, 0x0000020aff000000)

Polling page: 0x0000020ae73d0000

Metaspace:

Usage:
  Non-class:     87.40 MB used.
      Class:     13.44 MB used.
       Both:    100.84 MB used.

Virtual space:
  Non-class space:       96.00 MB reserved,      87.81 MB ( 91%) committed,  12 nodes.
      Class space:        1.00 GB reserved,      13.88 MB (  1%) committed,  1 nodes.
             Both:        1.09 GB reserved,     101.69 MB (  9%) committed. 

Chunk freelists:
   Non-Class:  3.78 MB
       Class:  2.05 MB
        Both:  5.83 MB

MaxMetaspaceSize: unlimited
CompressedClassSpaceSize: 1.00 GB
Initial GC threshold: 21.00 MB
Current GC threshold: 169.50 MB
CDS: off
MetaspaceReclaimPolicy: balanced
 - commit_granule_bytes: 65536.
 - commit_granule_words: 8192.
 - virtual_space_node_default_size: 1048576.
 - enlarge_chunks_in_place: 1.
 - new_chunks_are_fully_committed: 0.
 - uncommit_free_chunks: 1.
 - use_allocation_guard: 0.
 - handle_deallocations: 1.


Internal statistics:

num_allocs_failed_limit: 3.
num_arena_births: 1226.
num_arena_deaths: 14.
num_vsnodes_births: 13.
num_vsnodes_deaths: 0.
num_space_committed: 1627.
num_space_uncommitted: 0.
num_chunks_returned_to_freelist: 22.
num_chunks_taken_from_freelist: 5251.
num_chunk_merges: 11.
num_chunk_splits: 3357.
num_chunks_enlarged: 2104.
num_purges: 2.
num_inconsistent_stats: 0.

CodeHeap 'non-profiled nmethods': size=120000Kb used=7034Kb max_used=7034Kb free=112966Kb
 bounds [0x0000020af2ba0000, 0x0000020af3280000, 0x0000020afa0d0000]
CodeHeap 'profiled nmethods': size=120000Kb used=22790Kb max_used=22790Kb free=97209Kb
 bounds [0x0000020aeb0d0000, 0x0000020aec720000, 0x0000020af2600000]
CodeHeap 'non-nmethods': size=5760Kb used=2398Kb max_used=2519Kb free=3362Kb
 bounds [0x0000020af2600000, 0x0000020af28a0000, 0x0000020af2ba0000]
 total_blobs=12155 nmethods=11228 adapters=839
 compilation: enabled
              stopped_count=0, restarted_count=0
 full_count=0

Compilation events (20 events):
Event: 28.353 Thread 0x0000020affb36260 nmethod 12694 0x0000020aec6df390 code [0x0000020aec6dfdc0, 0x0000020aec6e63d8]
Event: 28.353 Thread 0x0000020affb36260 12695   !   3       org.gradle.internal.concurrent.ExecutorPolicy$CatchAndRecordFailures::onExecute (29 bytes)
Event: 28.353 Thread 0x0000020a8d19f2f0 nmethod 12692 0x0000020af327a110 code [0x0000020af327a2c0, 0x0000020af327a518]
Event: 28.353 Thread 0x0000020a8d19f2f0 12693       4       com.google.common.collect.ImmutableMap::isEmpty (13 bytes)
Event: 28.354 Thread 0x0000020a8d19f2f0 nmethod 12693 0x0000020af327a790 code [0x0000020af327a900, 0x0000020af327a998]
Event: 28.354 Thread 0x0000020a8d19f2f0 12698       4       java.util.stream.MatchOps$$Lambda$202/0x0000000100253760::get (12 bytes)
Event: 28.355 Thread 0x0000020affb36260 nmethod 12695 0x0000020aec6e8090 code [0x0000020aec6e8440, 0x0000020aec6e9d48]
Event: 28.355 Thread 0x0000020affb36260 12697   !   3       com.google.common.cache.LocalCache$Segment::get (210 bytes)
Event: 28.355 Thread 0x0000020a8d19f2f0 nmethod 12698 0x0000020af327aa90 code [0x0000020af327ac20, 0x0000020af327ad18]
Event: 28.355 Thread 0x0000020a8d19f2f0 12699       4       org.gradle.internal.io.StreamByteBuffer::allocateSpace (73 bytes)
Event: 28.356 Thread 0x0000020affb36260 nmethod 12697 0x0000020aec6ea690 code [0x0000020aec6eaa80, 0x0000020aec6ec338]
Event: 28.358 Thread 0x0000020a8d19f2f0 nmethod 12699 0x0000020af327ae10 code [0x0000020af327afa0, 0x0000020af327b3c8]
Event: 28.358 Thread 0x0000020a8d19f2f0 12696       4       org.gradle.internal.logging.sink.OutputEventListenerManager$1::onOutput (33 bytes)
Event: 28.365 Thread 0x0000020a8d19f2f0 nmethod 12696 0x0000020af327b590 code [0x0000020af327b780, 0x0000020af327bf08]
Event: 28.365 Thread 0x0000020a8d19f2f0 12700       4       com.google.common.collect.ImmutableMap::keySet (23 bytes)
Event: 28.367 Thread 0x0000020affb36260 12701       3       com.google.common.cache.LocalCache::get (21 bytes)
Event: 28.368 Thread 0x0000020affb36260 nmethod 12701 0x0000020aec6ed090 code [0x0000020aec6ed2a0, 0x0000020aec6ed7f8]
Event: 28.368 Thread 0x0000020a8d19f2f0 nmethod 12700 0x0000020af327c410 code [0x0000020af327c5a0, 0x0000020af327c8d8]
Event: 28.386 Thread 0x0000020affb36260 12702   !   3       jdk.internal.reflect.GeneratedMethodAccessor80::invoke (68 bytes)
Event: 28.386 Thread 0x0000020affb36260 nmethod 12702 0x0000020aec6eda90 code [0x0000020aec6edcc0, 0x0000020aec6ee498]

GC Heap History (20 events):
Event: 7.970 GC heap before
{Heap before GC invocations=26 (full 0):
 garbage-first heap   total 242688K, used 168461K [0x0000000080000000, 0x0000000100000000)
  region size 1024K, 101 young (103424K), 7 survivors (7168K)
 Metaspace       used 65128K, committed 65728K, reserved 1105920K
  class space    used 8508K, committed 8768K, reserved 1048576K
}
Event: 7.978 GC heap after
{Heap after GC invocations=27 (full 0):
 garbage-first heap   total 242688K, used 83834K [0x0000000080000000, 0x0000000100000000)
  region size 1024K, 16 young (16384K), 16 survivors (16384K)
 Metaspace       used 65128K, committed 65728K, reserved 1105920K
  class space    used 8508K, committed 8768K, reserved 1048576K
}
Event: 8.852 GC heap before
{Heap before GC invocations=28 (full 0):
 garbage-first heap   total 242688K, used 159610K [0x0000000080000000, 0x0000000100000000)
  region size 1024K, 90 young (92160K), 16 survivors (16384K)
 Metaspace       used 72854K, committed 73472K, reserved 1114112K
  class space    used 9748K, committed 10048K, reserved 1048576K
}
Event: 8.862 GC heap after
{Heap after GC invocations=29 (full 0):
 garbage-first heap   total 242688K, used 90386K [0x0000000080000000, 0x0000000100000000)
  region size 1024K, 7 young (7168K), 7 survivors (7168K)
 Metaspace       used 72854K, committed 73472K, reserved 1114112K
  class space    used 9748K, committed 10048K, reserved 1048576K
}
Event: 9.396 GC heap before
{Heap before GC invocations=30 (full 0):
 garbage-first heap   total 242688K, used 168210K [0x0000000080000000, 0x0000000100000000)
  region size 1024K, 63 young (64512K), 7 survivors (7168K)
 Metaspace       used 77879K, committed 78528K, reserved 1122304K
  class space    used 10391K, committed 10688K, reserved 1048576K
}
Event: 9.402 GC heap after
{Heap after GC invocations=31 (full 0):
 garbage-first heap   total 242688K, used 120513K [0x0000000080000000, 0x0000000100000000)
  region size 1024K, 13 young (13312K), 13 survivors (13312K)
 Metaspace       used 77879K, committed 78528K, reserved 1122304K
  class space    used 10391K, committed 10688K, reserved 1048576K
}
Event: 10.340 GC heap before
{Heap before GC invocations=32 (full 0):
 garbage-first heap   total 242688K, used 186049K [0x0000000080000000, 0x0000000100000000)
  region size 1024K, 76 young (77824K), 13 survivors (13312K)
 Metaspace       used 87467K, committed 88128K, reserved 1130496K
  class space    used 11625K, committed 11904K, reserved 1048576K
}
Event: 10.351 GC heap after
{Heap after GC invocations=33 (full 0):
 garbage-first heap   total 242688K, used 124968K [0x0000000080000000, 0x0000000100000000)
  region size 1024K, 5 young (5120K), 5 survivors (5120K)
 Metaspace       used 87467K, committed 88128K, reserved 1130496K
  class space    used 11625K, committed 11904K, reserved 1048576K
}
Event: 10.843 GC heap before
{Heap before GC invocations=33 (full 0):
 garbage-first heap   total 242688K, used 188456K [0x0000000080000000, 0x0000000100000000)
  region size 1024K, 68 young (69632K), 5 survivors (5120K)
 Metaspace       used 89252K, committed 89920K, reserved 1130496K
  class space    used 11995K, committed 12352K, reserved 1048576K
}
Event: 10.852 GC heap after
{Heap after GC invocations=34 (full 0):
 garbage-first heap   total 242688K, used 128065K [0x0000000080000000, 0x0000000100000000)
  region size 1024K, 8 young (8192K), 8 survivors (8192K)
 Metaspace       used 89252K, committed 89920K, reserved 1130496K
  class space    used 11995K, committed 12352K, reserved 1048576K
}
Event: 11.445 GC heap before
{Heap before GC invocations=35 (full 0):
 garbage-first heap   total 242688K, used 192577K [0x0000000080000000, 0x0000000100000000)
  region size 1024K, 72 young (73728K), 8 survivors (8192K)
 Metaspace       used 93500K, committed 94272K, reserved 1138688K
  class space    used 12584K, committed 12928K, reserved 1048576K
}
Event: 11.452 GC heap after
{Heap after GC invocations=36 (full 0):
 garbage-first heap   total 242688K, used 131858K [0x0000000080000000, 0x0000000100000000)
  region size 1024K, 9 young (9216K), 9 survivors (9216K)
 Metaspace       used 93500K, committed 94272K, reserved 1138688K
  class space    used 12584K, committed 12928K, reserved 1048576K
}
Event: 11.463 GC heap before
{Heap before GC invocations=36 (full 0):
 garbage-first heap   total 242688K, used 133906K [0x0000000080000000, 0x0000000100000000)
  region size 1024K, 11 young (11264K), 9 survivors (9216K)
 Metaspace       used 93549K, committed 94272K, reserved 1138688K
  class space    used 12594K, committed 12928K, reserved 1048576K
}
Event: 11.467 GC heap after
{Heap after GC invocations=37 (full 0):
 garbage-first heap   total 242688K, used 132406K [0x0000000080000000, 0x0000000100000000)
  region size 1024K, 2 young (2048K), 2 survivors (2048K)
 Metaspace       used 93549K, committed 94272K, reserved 1138688K
  class space    used 12594K, committed 12928K, reserved 1048576K
}
Event: 12.023 GC heap before
{Heap before GC invocations=37 (full 0):
 garbage-first heap   total 242688K, used 194870K [0x0000000080000000, 0x0000000100000000)
  region size 1024K, 64 young (65536K), 2 survivors (2048K)
 Metaspace       used 98917K, committed 99712K, reserved 1138688K
  class space    used 13252K, committed 13632K, reserved 1048576K
}
Event: 12.030 GC heap after
{Heap after GC invocations=38 (full 0):
 garbage-first heap   total 242688K, used 136136K [0x0000000080000000, 0x0000000100000000)
  region size 1024K, 5 young (5120K), 5 survivors (5120K)
 Metaspace       used 98917K, committed 99712K, reserved 1138688K
  class space    used 13252K, committed 13632K, reserved 1048576K
}
Event: 27.169 GC heap before
{Heap before GC invocations=38 (full 0):
 garbage-first heap   total 242688K, used 197576K [0x0000000080000000, 0x0000000100000000)
  region size 1024K, 66 young (67584K), 5 survivors (5120K)
 Metaspace       used 101685K, committed 102464K, reserved 1138688K
  class space    used 13511K, committed 13888K, reserved 1048576K
}
Event: 27.177 GC heap after
{Heap after GC invocations=39 (full 0):
 garbage-first heap   total 242688K, used 143811K [0x0000000080000000, 0x0000000100000000)
  region size 1024K, 8 young (8192K), 8 survivors (8192K)
 Metaspace       used 101685K, committed 102464K, reserved 1138688K
  class space    used 13511K, committed 13888K, reserved 1048576K
}
Event: 28.287 GC heap before
{Heap before GC invocations=39 (full 0):
 garbage-first heap   total 242688K, used 199107K [0x0000000080000000, 0x0000000100000000)
  region size 1024K, 63 young (64512K), 8 survivors (8192K)
 Metaspace       used 103224K, committed 104064K, reserved 1146880K
  class space    used 13769K, committed 14208K, reserved 1048576K
}
Event: 28.296 GC heap after
{Heap after GC invocations=40 (full 0):
 garbage-first heap   total 242688K, used 149750K [0x0000000080000000, 0x0000000100000000)
  region size 1024K, 6 young (6144K), 6 survivors (6144K)
 Metaspace       used 103224K, committed 104064K, reserved 1146880K
  class space    used 13769K, committed 14208K, reserved 1048576K
}

Dll operation events (2 events):
Event: 0.009 Loaded shared library E:\Program Files\Android\Android Studio\jbr\bin\java.dll
Event: 0.508 Loaded shared library E:\Program Files\Android\Android Studio\jbr\bin\verify.dll

Deoptimization events (20 events):
Event: 27.938 Thread 0x0000020a87f8bf80 Uncommon trap: trap_request=0xffffff45 fr.pc=0x0000020af31226ec relative=0x00000000000015cc
Event: 27.938 Thread 0x0000020a87f8bf80 Uncommon trap: reason=unstable_if action=reinterpret pc=0x0000020af31226ec method=java.util.concurrent.ConcurrentHashMap.putVal(Ljava/lang/Object;Ljava/lang/Object;Z)Ljava/lang/Object; @ 245 c2
Event: 27.938 Thread 0x0000020a87f8bf80 DEOPT PACKING pc=0x0000020af31226ec sp=0x000000c7d46fd690
Event: 27.938 Thread 0x0000020a87f8bf80 DEOPT UNPACKING pc=0x0000020af26569a3 sp=0x000000c7d46fd618 mode 2
Event: 27.961 Thread 0x0000020a89f87d10 Uncommon trap: trap_request=0xffffff45 fr.pc=0x0000020af313d79c relative=0x000000000000047c
Event: 27.961 Thread 0x0000020a89f87d10 Uncommon trap: reason=unstable_if action=reinterpret pc=0x0000020af313d79c method=java.io.ObjectOutputStream$BlockDataOutputStream.writeBytes(Ljava/lang/String;)V @ 22 c2
Event: 27.961 Thread 0x0000020a89f87d10 DEOPT PACKING pc=0x0000020af313d79c sp=0x000000c7ccafd110
Event: 27.961 Thread 0x0000020a89f87d10 DEOPT UNPACKING pc=0x0000020af26569a3 sp=0x000000c7ccafd098 mode 2
Event: 27.961 Thread 0x0000020a89f87d10 Uncommon trap: trap_request=0xffffff45 fr.pc=0x0000020af2f7fa10 relative=0x00000000000004f0
Event: 27.961 Thread 0x0000020a89f87d10 Uncommon trap: reason=unstable_if action=reinterpret pc=0x0000020af2f7fa10 method=java.io.ObjectOutputStream$BlockDataOutputStream.writeBytes(Ljava/lang/String;)V @ 22 c2
Event: 27.961 Thread 0x0000020a89f87d10 DEOPT PACKING pc=0x0000020af2f7fa10 sp=0x000000c7ccafd0f0
Event: 27.961 Thread 0x0000020a89f87d10 DEOPT UNPACKING pc=0x0000020af26569a3 sp=0x000000c7ccafd098 mode 2
Event: 28.257 Thread 0x0000020a8be94550 Uncommon trap: trap_request=0xffffff45 fr.pc=0x0000020af324ac5c relative=0x000000000000205c
Event: 28.257 Thread 0x0000020a8be94550 Uncommon trap: reason=unstable_if action=reinterpret pc=0x0000020af324ac5c method=org.gradle.internal.snapshot.impl.DefaultValueSnapshotter.processValue(Ljava/lang/Object;Lorg/gradle/internal/snapshot/impl/DefaultValueSnapshotter$ValueVisitor;)Ljava/lang/
Event: 28.257 Thread 0x0000020a8be94550 DEOPT PACKING pc=0x0000020af324ac5c sp=0x000000c7d3efc990
Event: 28.257 Thread 0x0000020a8be94550 DEOPT UNPACKING pc=0x0000020af26569a3 sp=0x000000c7d3efc978 mode 2
Event: 28.271 Thread 0x0000020a85fb0240 Uncommon trap: trap_request=0xffffffcc fr.pc=0x0000020af326ccc0 relative=0x00000000000003a0
Event: 28.271 Thread 0x0000020a85fb0240 Uncommon trap: reason=intrinsic_or_type_checked_inlining action=make_not_entrant pc=0x0000020af326ccc0 method=java.util.Arrays.copyOfRange([Ljava/lang/Object;IILjava/lang/Class;)[Ljava/lang/Object; @ 84 c2
Event: 28.271 Thread 0x0000020a85fb0240 DEOPT PACKING pc=0x0000020af326ccc0 sp=0x000000c7cf4fbfc0
Event: 28.271 Thread 0x0000020a85fb0240 DEOPT UNPACKING pc=0x0000020af26569a3 sp=0x000000c7cf4fbf40 mode 2

Classes unloaded (7 events):
Event: 28.370 Thread 0x0000020affa7e810 Unloading class 0x0000000100bedc00 'java/lang/invoke/LambdaForm$DMH+0x0000000100bedc00'
Event: 28.370 Thread 0x0000020affa7e810 Unloading class 0x0000000100bed800 'java/lang/invoke/LambdaForm$DMH+0x0000000100bed800'
Event: 28.370 Thread 0x0000020affa7e810 Unloading class 0x0000000100bed400 'java/lang/invoke/LambdaForm$DMH+0x0000000100bed400'
Event: 28.370 Thread 0x0000020affa7e810 Unloading class 0x0000000100bed000 'java/lang/invoke/LambdaForm$DMH+0x0000000100bed000'
Event: 28.370 Thread 0x0000020affa7e810 Unloading class 0x0000000100bec800 'java/lang/invoke/LambdaForm$DMH+0x0000000100bec800'
Event: 28.370 Thread 0x0000020affa7e810 Unloading class 0x0000000100bec000 'java/lang/invoke/LambdaForm$DMH+0x0000000100bec000'
Event: 28.370 Thread 0x0000020affa7e810 Unloading class 0x0000000100becc00 'java/lang/invoke/LambdaForm$DMH+0x0000000100becc00'

Classes redefined (0 events):
No events

Internal exceptions (20 events):
Event: 27.279 Thread 0x0000020a84cec8e0 Exception <a 'java/lang/ClassNotFoundException'{0x000000008df86ed8}: com/android/build/gradle/tasks/PackageAndroidArtifactCustomizer> (0x000000008df86ed8) 
thrown [s\src\hotspot\share\classfile\systemDictionary.cpp, line 256]
Event: 27.280 Thread 0x0000020a84cec8e0 Exception <a 'java/lang/ClassNotFoundException'{0x000000008dfd5628}: com/android/build/gradle/tasks/PackageApplicationCustomizer> (0x000000008dfd5628) 
thrown [s\src\hotspot\share\classfile\systemDictionary.cpp, line 256]
Event: 27.281 Thread 0x0000020a84cec8e0 Exception <a 'java/lang/ClassNotFoundException'{0x000000008dffb3e0}: com/android/build/gradle/tasks/PackageApplication_DecoratedCustomizer> (0x000000008dffb3e0) 
thrown [s\src\hotspot\share\classfile\systemDictionary.cpp, line 256]
Event: 27.301 Thread 0x0000020a84cec8e0 Exception <a 'java/lang/NoSuchMethodError'{0x000000008dd050c8}: static Lcom/android/build/gradle/internal/profile/TaskMetadata;.<clinit>()V> (0x000000008dd050c8) 
thrown [s\src\hotspot\share\prims\jni.cpp, line 1108]
Event: 27.309 Thread 0x0000020a84cec8e0 Exception <a 'sun/nio/fs/WindowsException'{0x000000008dd778a0}> (0x000000008dd778a0) 
thrown [s\src\hotspot\share\prims\jni.cpp, line 517]
Event: 27.336 Thread 0x0000020a8be91530 Exception <a 'java/lang/NoSuchMethodError'{0x000000008dc5cd80}: 'java.lang.Object java.lang.invoke.DirectMethodHandle$Holder.invokeInterface(java.lang.Object, java.lang.Object, int)'> (0x000000008dc5cd80) 
thrown [s\src\hotspot\share\interpreter\linkResolver.cpp, line 771]
Event: 27.338 Thread 0x0000020a8be91530 Exception <a 'java/lang/NoSuchMethodError'{0x000000008dc8a588}: 'void java.lang.invoke.DirectMethodHandle$Holder.invokeStatic(java.lang.Object, java.lang.Object, java.lang.Object, int)'> (0x000000008dc8a588) 
thrown [s\src\hotspot\share\interpreter\linkResolver.cpp, line 771]
Event: 27.346 Thread 0x0000020a8be923a0 Exception <a 'java/lang/NoSuchMethodError'{0x000000008dcebc48}: static Lcom/android/ide/common/attribution/AndroidGradlePluginAttributionData$JavaInfo;.<clinit>()V> (0x000000008dcebc48) 
thrown [s\src\hotspot\share\prims\jni.cpp, line 1108]
Event: 27.350 Thread 0x0000020a8be923a0 Exception <a 'java/lang/NoSuchMethodError'{0x000000008db1a098}: static [Ljava/lang/String;.<clinit>()V> (0x000000008db1a098) 
thrown [s\src\hotspot\share\prims\jni.cpp, line 1108]
Event: 27.372 Thread 0x0000020a89f87d10 Exception <a 'java/lang/NoSuchMethodError'{0x000000008da64850}: static Lorg/gradle/internal/build/event/types/DefaultTaskSkippedResult;.<clinit>()V> (0x000000008da64850) 
thrown [s\src\hotspot\share\prims\jni.cpp, line 1108]
Event: 27.459 Thread 0x0000020a8be91530 Exception <a 'java/lang/NoSuchMethodError'{0x000000008d85fcd0}: 'void java.lang.invoke.DirectMethodHandle$Holder.invokeStatic(java.lang.Object, java.lang.Object, java.lang.Object, java.lang.Object, java.lang.Object, java.lang.Object, java.lang.Object)'> (0x000000008d85fcd0) 
thrown [s\src\hotspot\share\interpreter\linkResolver.cpp, line 771]
Event: 27.477 Thread 0x0000020a89f87d10 Exception <a 'java/lang/NoSuchMethodError'{0x000000008d8e6f18}: static [Ljava/lang/Object;.<clinit>()V> (0x000000008d8e6f18) 
thrown [s\src\hotspot\share\prims\jni.cpp, line 1108]
Event: 27.484 Thread 0x0000020a8be91530 Exception <a 'sun/nio/fs/WindowsException'{0x000000008d709090}> (0x000000008d709090) 
thrown [s\src\hotspot\share\prims\jni.cpp, line 517]
Event: 27.484 Thread 0x0000020a8be91530 Exception <a 'sun/nio/fs/WindowsException'{0x000000008d70db00}> (0x000000008d70db00) 
thrown [s\src\hotspot\share\prims\jni.cpp, line 517]
Event: 27.522 Thread 0x0000020a87f8bf80 Exception <a 'sun/nio/fs/WindowsException'{0x000000008d6f54e8}> (0x000000008d6f54e8) 
thrown [s\src\hotspot\share\prims\jni.cpp, line 517]
Event: 27.903 Thread 0x0000020a87f8a2a0 Implicit null exception at 0x0000020af32555e8 to 0x0000020af3255a30
Event: 27.906 Thread 0x0000020a87f8a2a0 Implicit null exception at 0x0000020af32581b6 to 0x0000020af32584a4
Event: 27.920 Thread 0x0000020a84cec8e0 Exception <a 'java/lang/NoSuchMethodError'{0x000000008be23d78}: static Lcom/android/build/gradle/internal/tasks/AarMetadataArtifact;.<clinit>()V> (0x000000008be23d78) 
thrown [s\src\hotspot\share\prims\jni.cpp, line 1108]
Event: 27.959 Thread 0x0000020a89f87d10 Exception <a 'java/lang/NoSuchMethodError'{0x000000008ba91a58}: static Lorg/gradle/internal/build/event/types/DefaultTaskFailureResult;.<clinit>()V> (0x000000008ba91a58) 
thrown [s\src\hotspot\share\prims\jni.cpp, line 1108]
Event: 27.960 Thread 0x0000020a89f87d10 Exception <a 'java/lang/NoSuchMethodError'{0x000000008ba9b8d0}: static Lorg/gradle/internal/build/event/types/DefaultFailure;.<clinit>()V> (0x000000008ba9b8d0) 
thrown [s\src\hotspot\share\prims\jni.cpp, line 1108]

VM Operations (20 events):
Event: 27.505 Executing VM operation: HandshakeAllThreads
Event: 27.505 Executing VM operation: HandshakeAllThreads done
Event: 27.508 Executing VM operation: ICBufferFull
Event: 27.511 Executing VM operation: ICBufferFull done
Event: 27.642 Executing VM operation: HandshakeAllThreads
Event: 27.642 Executing VM operation: HandshakeAllThreads done
Event: 27.679 Executing VM operation: ICBufferFull
Event: 27.683 Executing VM operation: ICBufferFull done
Event: 27.914 Executing VM operation: ICBufferFull
Event: 27.914 Executing VM operation: ICBufferFull done
Event: 27.944 Executing VM operation: HandshakeAllThreads
Event: 27.944 Executing VM operation: HandshakeAllThreads done
Event: 27.946 Executing VM operation: HandshakeAllThreads
Event: 27.947 Executing VM operation: HandshakeAllThreads done
Event: 28.259 Executing VM operation: HandshakeAllThreads
Event: 28.260 Executing VM operation: HandshakeAllThreads done
Event: 28.286 Executing VM operation: G1CollectForAllocation
Event: 28.298 Executing VM operation: G1CollectForAllocation done
Event: 28.370 Executing VM operation: G1Concurrent
Event: 28.382 Executing VM operation: G1Concurrent done

Events (20 events):
Event: 27.315 Thread 0x0000020a91bbbbb0 Thread added: 0x0000020a91bbbbb0
Event: 27.317 Thread 0x0000020a8d46e3b0 Thread added: 0x0000020a8d46e3b0
Event: 27.345 loading class java/time/Clock
Event: 27.345 loading class java/time/InstantSource
Event: 27.346 loading class java/time/InstantSource done
Event: 27.346 loading class java/time/Clock done
Event: 27.346 loading class java/time/Clock$SystemClock
Event: 27.346 loading class java/time/Clock$SystemClock done
Event: 27.362 loading class java/time/Instant$1
Event: 27.362 loading class java/time/Instant$1 done
Event: 27.506 Thread 0x0000020a87f8bf80 Thread added: 0x0000020a87f8bf80
Event: 27.921 Thread 0x0000020a88274f40 Thread added: 0x0000020a88274f40
Event: 27.951 loading class java/lang/Throwable$WrappedPrintWriter
Event: 27.951 loading class java/lang/Throwable$PrintStreamOrWriter
Event: 27.951 loading class java/lang/Throwable$PrintStreamOrWriter done
Event: 27.951 loading class java/lang/Throwable$WrappedPrintWriter done
Event: 28.080 Thread 0x0000020a8d19f2f0 Thread exited: 0x0000020a8d19f2f0
Event: 28.082 Thread 0x0000020affe75900 Thread exited: 0x0000020affe75900
Event: 28.265 Thread 0x0000020affe75900 Thread added: 0x0000020affe75900
Event: 28.267 Thread 0x0000020a8d19f2f0 Thread added: 0x0000020a8d19f2f0


Dynamic libraries:
0x00007ff739ea0000 - 0x00007ff739eaa000 	E:\Program Files\Android\Android Studio\jbr\bin\java.exe
0x00007ffbd22b0000 - 0x00007ffbd24c7000 	C:\WINDOWS\SYSTEM32\ntdll.dll
0x00007ffbd0d60000 - 0x00007ffbd0e24000 	C:\WINDOWS\System32\KERNEL32.DLL
0x00007ffbcfc50000 - 0x00007ffbcfff5000 	C:\WINDOWS\System32\KERNELBASE.dll
0x00007ffbcf620000 - 0x00007ffbcf731000 	C:\WINDOWS\System32\ucrtbase.dll
0x00007ffbc9ae0000 - 0x00007ffbc9af7000 	E:\Program Files\Android\Android Studio\jbr\bin\jli.dll
0x00007ffbd01c0000 - 0x00007ffbd036e000 	C:\WINDOWS\System32\USER32.dll
0x00007ffbcfc20000 - 0x00007ffbcfc46000 	C:\WINDOWS\System32\win32u.dll
0x00007ffbd0d30000 - 0x00007ffbd0d59000 	C:\WINDOWS\System32\GDI32.dll
0x00007ffbcf740000 - 0x00007ffbcf859000 	C:\WINDOWS\System32\gdi32full.dll
0x00007ffbcf8d0000 - 0x00007ffbcf96a000 	C:\WINDOWS\System32\msvcp_win.dll
0x00007ffbc1210000 - 0x00007ffbc122b000 	E:\Program Files\Android\Android Studio\jbr\bin\VCRUNTIME140.dll
0x00007ffbb8280000 - 0x00007ffbb8513000 	C:\WINDOWS\WinSxS\amd64_microsoft.windows.common-controls_6595b64144ccf1df_6.0.22621.2506_none_270c5ae97388e100\COMCTL32.dll
0x00007ffbd03e0000 - 0x00007ffbd0487000 	C:\WINDOWS\System32\msvcrt.dll
0x00007ffbd1c50000 - 0x00007ffbd1c81000 	C:\WINDOWS\System32\IMM32.DLL
0x00007ffbcaae0000 - 0x00007ffbcaaec000 	E:\Program Files\Android\Android Studio\jbr\bin\vcruntime140_1.dll
0x00007ffb94450000 - 0x00007ffb944dd000 	E:\Program Files\Android\Android Studio\jbr\bin\msvcp140.dll
0x00007ffb4de10000 - 0x00007ffb4ea7e000 	E:\Program Files\Android\Android Studio\jbr\bin\server\jvm.dll
0x00007ffbd06c0000 - 0x00007ffbd0771000 	C:\WINDOWS\System32\ADVAPI32.dll
0x00007ffbd0610000 - 0x00007ffbd06b6000 	C:\WINDOWS\System32\sechost.dll
0x00007ffbd04f0000 - 0x00007ffbd0607000 	C:\WINDOWS\System32\RPCRT4.dll
0x00007ffbca840000 - 0x00007ffbca874000 	C:\WINDOWS\SYSTEM32\WINMM.dll
0x00007ffbcb5e0000 - 0x00007ffbcb5e9000 	C:\WINDOWS\SYSTEM32\WSOCK32.dll
0x00007ffbd0b60000 - 0x00007ffbd0bd1000 	C:\WINDOWS\System32\WS2_32.dll
0x00007ffbcb610000 - 0x00007ffbcb61a000 	C:\WINDOWS\SYSTEM32\VERSION.dll
0x00007ffbce580000 - 0x00007ffbce598000 	C:\WINDOWS\SYSTEM32\kernel.appcore.dll
0x00007ffbcb4d0000 - 0x00007ffbcb4da000 	E:\Program Files\Android\Android Studio\jbr\bin\jimage.dll
0x00007ffbccc20000 - 0x00007ffbcce53000 	C:\WINDOWS\SYSTEM32\DBGHELP.DLL
0x00007ffbd0780000 - 0x00007ffbd0b09000 	C:\WINDOWS\System32\combase.dll
0x00007ffbd0fa0000 - 0x00007ffbd1077000 	C:\WINDOWS\System32\OLEAUT32.dll
0x00007ffbb6800000 - 0x00007ffbb6832000 	C:\WINDOWS\SYSTEM32\dbgcore.DLL
0x00007ffbcf970000 - 0x00007ffbcf9ea000 	C:\WINDOWS\System32\bcryptPrimitives.dll
0x00007ffbc9ce0000 - 0x00007ffbc9d05000 	E:\Program Files\Android\Android Studio\jbr\bin\java.dll
0x00007ffbcae40000 - 0x00007ffbcae58000 	E:\Program Files\Android\Android Studio\jbr\bin\zip.dll
0x00007ffbd13f0000 - 0x00007ffbd1c49000 	C:\WINDOWS\System32\SHELL32.dll
0x00007ffbcd4f0000 - 0x00007ffbcdde4000 	C:\WINDOWS\SYSTEM32\windows.storage.dll
0x00007ffbcd3b0000 - 0x00007ffbcd4ee000 	C:\WINDOWS\SYSTEM32\wintypes.dll
0x00007ffbd0e30000 - 0x00007ffbd0f23000 	C:\WINDOWS\System32\SHCORE.dll
0x00007ffbd0490000 - 0x00007ffbd04ee000 	C:\WINDOWS\System32\shlwapi.dll
0x00007ffbcf550000 - 0x00007ffbcf576000 	C:\WINDOWS\SYSTEM32\profapi.dll
0x00007ffbcaa10000 - 0x00007ffbcaa29000 	E:\Program Files\Android\Android Studio\jbr\bin\net.dll
0x00007ffbcb2d0000 - 0x00007ffbcb407000 	C:\WINDOWS\SYSTEM32\WINHTTP.dll
0x00007ffbcea60000 - 0x00007ffbceac9000 	C:\WINDOWS\system32\mswsock.dll
0x00007ffbca200000 - 0x00007ffbca216000 	E:\Program Files\Android\Android Studio\jbr\bin\nio.dll
0x00007ffbcb4c0000 - 0x00007ffbcb4d0000 	E:\Program Files\Android\Android Studio\jbr\bin\verify.dll
0x00007ffbbd1e0000 - 0x00007ffbbd207000 	C:\Users\datam\.gradle\native\e1d6ef7f7dcc3fd88c89a11ec53ec762bb8ba0a96d01ffa2cd45eb1d1d8dd5c5\windows-amd64\native-platform.dll
0x00007ffb93da0000 - 0x00007ffb93ee4000 	C:\Users\datam\.gradle\native\5664cfc778a61ccfe75a443a1ab52a65af34e5dc3c78e0209fed803814484fcb\windows-amd64\native-platform-file-events.dll
0x00007ffbca880000 - 0x00007ffbca889000 	E:\Program Files\Android\Android Studio\jbr\bin\management.dll
0x00007ffbc9cd0000 - 0x00007ffbc9cdb000 	E:\Program Files\Android\Android Studio\jbr\bin\management_ext.dll
0x00007ffbd13e0000 - 0x00007ffbd13e8000 	C:\WINDOWS\System32\PSAPI.DLL
0x00007ffbceca0000 - 0x00007ffbcecbb000 	C:\WINDOWS\SYSTEM32\CRYPTSP.dll
0x00007ffbce540000 - 0x00007ffbce575000 	C:\WINDOWS\system32\rsaenh.dll
0x00007ffbceb30000 - 0x00007ffbceb5c000 	C:\WINDOWS\SYSTEM32\USERENV.dll
0x00007ffbceec0000 - 0x00007ffbceee8000 	C:\WINDOWS\SYSTEM32\bcrypt.dll
0x00007ffbcecf0000 - 0x00007ffbcecfc000 	C:\WINDOWS\SYSTEM32\CRYPTBASE.dll
0x00007ffbce050000 - 0x00007ffbce07d000 	C:\WINDOWS\SYSTEM32\IPHLPAPI.DLL
0x00007ffbd0f90000 - 0x00007ffbd0f99000 	C:\WINDOWS\System32\NSI.dll
0x00007ffbcb620000 - 0x00007ffbcb639000 	C:\WINDOWS\SYSTEM32\dhcpcsvc6.DLL
0x00007ffbcb520000 - 0x00007ffbcb53f000 	C:\WINDOWS\SYSTEM32\dhcpcsvc.DLL
0x00007ffbce0c0000 - 0x00007ffbce1b9000 	C:\WINDOWS\SYSTEM32\DNSAPI.dll
0x00007ffbb4530000 - 0x00007ffbb4538000 	C:\WINDOWS\system32\wshunix.dll

dbghelp: loaded successfully - version: 4.0.5 - missing functions: none
symbol engine: initialized successfully - sym options: 0x614 - pdb path: .;E:\Program Files\Android\Android Studio\jbr\bin;C:\WINDOWS\SYSTEM32;C:\WINDOWS\WinSxS\amd64_microsoft.windows.common-controls_6595b64144ccf1df_6.0.22621.2506_none_270c5ae97388e100;E:\Program Files\Android\Android Studio\jbr\bin\server;C:\Users\datam\.gradle\native\e1d6ef7f7dcc3fd88c89a11ec53ec762bb8ba0a96d01ffa2cd45eb1d1d8dd5c5\windows-amd64;C:\Users\datam\.gradle\native\5664cfc778a61ccfe75a443a1ab52a65af34e5dc3c78e0209fed803814484fcb\windows-amd64

VM Arguments:
jvm_args: --add-opens=java.base/java.util=ALL-UNNAMED --add-opens=java.base/java.lang=ALL-UNNAMED --add-opens=java.base/java.lang.invoke=ALL-UNNAMED --add-opens=java.base/java.util=ALL-UNNAMED --add-opens=java.prefs/java.util.prefs=ALL-UNNAMED --add-opens=java.prefs/java.util.prefs=ALL-UNNAMED --add-opens=java.base/java.nio.charset=ALL-UNNAMED --add-opens=java.base/java.net=ALL-UNNAMED --add-opens=java.base/java.util.concurrent.atomic=ALL-UNNAMED -Xmx2048m -Dfile.encoding=GBK -Duser.country=CN -Duser.language=zh -Duser.variant 
java_command: org.gradle.launcher.daemon.bootstrap.GradleDaemon 7.2
java_class_path (initial): C:\Users\datam\.gradle\wrapper\dists\gradle-7.2-bin\2dnblmf4td7x66yl1d74lt32g\gradle-7.2\lib\gradle-launcher-7.2.jar
Launcher Type: SUN_STANDARD

[Global flags]
     intx CICompilerCount                          = 4                                         {product} {ergonomic}
     uint ConcGCThreads                            = 2                                         {product} {ergonomic}
     uint G1ConcRefinementThreads                  = 8                                         {product} {ergonomic}
   size_t G1HeapRegionSize                         = 1048576                                   {product} {ergonomic}
    uintx GCDrainStackTargetSize                   = 64                                        {product} {ergonomic}
   size_t InitialHeapSize                          = 266338304                                 {product} {ergonomic}
   size_t MarkStackSize                            = 4194304                                   {product} {ergonomic}
   size_t MaxHeapSize                              = 2147483648                                {product} {command line}
   size_t MaxNewSize                               = 1287651328                                {product} {ergonomic}
   size_t MinHeapDeltaBytes                        = 1048576                                   {product} {ergonomic}
   size_t MinHeapSize                              = 8388608                                   {product} {ergonomic}
    uintx NonNMethodCodeHeapSize                   = 5839372                                {pd product} {ergonomic}
    uintx NonProfiledCodeHeapSize                  = 122909434                              {pd product} {ergonomic}
    uintx ProfiledCodeHeapSize                     = 122909434                              {pd product} {ergonomic}
    uintx ReservedCodeCacheSize                    = 251658240                              {pd product} {ergonomic}
     bool SegmentedCodeCache                       = true                                      {product} {ergonomic}
   size_t SoftMaxHeapSize                          = 2147483648                             {manageable} {ergonomic}
     bool UseCompressedClassPointers               = true                           {product lp64_product} {ergonomic}
     bool UseCompressedOops                        = true                           {product lp64_product} {ergonomic}
     bool UseG1GC                                  = true                                      {product} {ergonomic}
     bool UseLargePagesIndividualAllocation        = false                                  {pd product} {ergonomic}

Logging:
Log output configuration:
 #0: stdout all=warning uptime,level,tags
 #1: stderr all=off uptime,level,tags

Environment Variables:
PATH=C:\Program Files\Common Files\Oracle\Java\javapath;C:\Windows\system32;C:\Windows;C:\Windows\System32\Wbem;C:\Windows\System32\WindowsPowerShell\v1.0\;C:\Windows\System32\OpenSSH\;C:\WINDOWS\system32;C:\WINDOWS;C:\WINDOWS\System32\Wbem;C:\WINDOWS\System32\WindowsPowerShell\v1.0\;C:\WINDOWS\System32\OpenSSH\;C:\Users\datam\AppData\Roaming\Microsoft\Windows\Start Menu\Programs\Python 3.10\;C:\Users\datam\AppData\Roaming\Microsoft\Windows\Start Menu\Programs\Python 3.10\Scripts;C:\Program Files\Bandizip\;C:\Program Files\dotnet\;D:\DataSpace\mysql\bin;C:\Program Files\NVIDIA Corporation\NVIDIA NvDLISR;C:\Program Files\NVIDIA Corporation\Nsight Compute 2023.2.0\;E:\Program Files\Git\cmd;C:\Program Files\Docker\Docker\resources\bin;E:\anaconda;E:\anaconda\Library\mingw-w64\bin;E:\anaconda\Library\usr\bin;E:\anaconda\Library\bin;E:\anaconda\Scripts;C:\Users\datam\AppData\Local\Programs\Python\Launcher\;C:\Users\datam\AppData\Local\Programs\Python\Python310\Scripts\;C:\Users\datam\AppData\Local\Programs\Python\Python310\;C:\Users\datam\AppData\Local\Programs\Python\Python311\Scripts\;C:\Users\datam\AppData\Local\Programs\Python\Python311\;C:\Users\datam\anaconda3;C:\Users\datam\anaconda3\Library\mingw-w64\bin;C:\Users\datam\anaconda3\Library\usr\bin;C:\Users\datam\anaconda3\Library\bin;C:\Users\datam\anaconda3\Scripts;C:\Users\datam\AppData\Local\Microsoft\WindowsApps;E:\idea\IntelliJ IDEA 2023.1.3\bin;;E:\pycharm\PyCharm 2023.2.5\bin;;E:\Programs\Microsoft VS Code\bin;C:\Users\datam\AppData\Local\GitHubDesktop\bin;D:\DataSpace\DataGrip 2023.2\bin;
USERNAME=datam
OS=Windows_NT
PROCESSOR_IDENTIFIER=Intel64 Family 6 Model 165 Stepping 2, GenuineIntel
TMP=C:\Users\datam\AppData\Local\Temp
TEMP=C:\Users\datam\AppData\Local\Temp


JNI global refs:
JNI global refs: 27, weak refs: 3

JNI global refs memory usage: 843, weak refs: 841


---------------  S Y S T E M  ---------------

OS:
 Windows 11 , 64 bit Build 22621 (10.0.22621.2506)
OS uptime: 0 days 7:19 hours
Hyper-V role detected

CPU: total 8 (initial active 8) (4 cores per cpu, 2 threads per core) family 6 model 165 stepping 2 microcode 0xe0, cx8, cmov, fxsr, ht, mmx, 3dnowpref, sse, sse2, sse3, ssse3, sse4.1, sse4.2, popcnt, lzcnt, tsc, tscinvbit, avx, avx2, aes, erms, clmul, bmi1, bmi2, adx, fma, vzeroupper, clflush, clflushopt, hv

Memory: 4k page, system-wide physical 16221M (668M free)
TotalPageFile size 16221M (AvailPageFile size 1M)
current process WorkingSet (physical memory assigned to process): 532M, peak: 562M
current process commit charge ("private bytes"): 582M, peak: 601M

vm_info: OpenJDK 64-Bit Server VM (17.0.6+0-b2043.56-10027231) for windows-amd64 JRE (17.0.6+0-b2043.56-10027231), built on Apr 28 2023 00:43:19 by "androidbuild" with MS VC++ 16.10 / 16.11 (VS2019)

END.
